Add Component: Footprint Not Found AHOI_LOGO_8MMHEIGHT
Added Component: Designator=C1(LC-0603_R)
Add component (AddParameter): Name = "DeviceName"; Value = "C0603"; VariantName = "[No Variations]"
Add component (AddParameter): Name = "DeviceSetName"; Value = "C"; VariantName = "[No Variations]"
Add component (AddParameter): Name = "GateName_1"; Value = "G$1"; VariantName = "[No Variations]"
Add component (AddParameter): Name = "LibraryName"; Value = "myrcl"; VariantName = "[No Variations]"
Add component (AddParameter): Name = "SpiceOrder1"; Value = "SpiceOrder 1"; VariantName = "[No Variations]"
Add component (AddParameter): Name = "SpiceOrder2"; Value = "SpiceOrder 2"; VariantName = "[No Variations]"
Add component (AddParameter): Name = "SymbolName_1"; Value = "C"; VariantName = "[No Variations]"
Added Component: Designator=C2(LC-0603_R)
Add component (AddParameter): Name = "DeviceName"; Value = "C0603"; VariantName = "[No Variations]"
Add component (AddParameter): Name = "DeviceSetName"; Value = "C"; VariantName = "[No Variations]"
Add component (AddParameter): Name = "GateName_1"; Value = "G$1"; VariantName = "[No Variations]"
Add component (AddParameter): Name = "LibraryName"; Value = "myrcl"; VariantName = "[No Variations]"
Add component (AddParameter): Name = "SpiceOrder1"; Value = "SpiceOrder 1"; VariantName = "[No Variations]"
Add component (AddParameter): Name = "SpiceOrder2"; Value = "SpiceOrder 2"; VariantName = "[No Variations]"
Add component (AddParameter): Name = "SymbolName_1"; Value = "C"; VariantName = "[No Variations]"
Added Component: Designator=C3(LC-0603_R)
Add component (AddParameter): Name = "DeviceName"; Value = "C0603"; VariantName = "[No Variations]"
Add component (AddParameter): Name = "DeviceSetName"; Value = "C"; VariantName = "[No Variations]"
Add component (AddParameter): Name = "GateName_1"; Value = "G$1"; VariantName = "[No Variations]"
Add component (AddParameter): Name = "LibraryName"; Value = "myrcl"; VariantName = "[No Variations]"
Add component (AddParameter): Name = "SpiceOrder1"; Value = "SpiceOrder 1"; VariantName = "[No Variations]"
Add component (AddParameter): Name = "SpiceOrder2"; Value = "SpiceOrder 2"; VariantName = "[No Variations]"
Add component (AddParameter): Name = "SymbolName_1"; Value = "C"; VariantName = "[No Variations]"
Added Component: Designator=C4(LC-0603_R)
Add component (AddParameter): Name = "DeviceName"; Value = "C0603"; VariantName = "[No Variations]"
Add component (AddParameter): Name = "DeviceSetName"; Value = "C"; VariantName = "[No Variations]"
Add component (AddParameter): Name = "GateName_1"; Value = "G$1"; VariantName = "[No Variations]"
Add component (AddParameter): Name = "LibraryName"; Value = "myrcl"; VariantName = "[No Variations]"
Add component (AddParameter): Name = "SpiceOrder1"; Value = "SpiceOrder 1"; VariantName = "[No Variations]"
Add component (AddParameter): Name = "SpiceOrder2"; Value = "SpiceOrder 2"; VariantName = "[No Variations]"
Add component (AddParameter): Name = "SymbolName_1"; Value = "C"; VariantName = "[No Variations]"
Added Component: Designator=C5(LC-0603_R)
Add component (AddParameter): Name = "DeviceName"; Value = "C0603"; VariantName = "[No Variations]"
Add component (AddParameter): Name = "DeviceSetName"; Value = "C"; VariantName = "[No Variations]"
Add component (AddParameter): Name = "GateName_1"; Value = "G$1"; VariantName = "[No Variations]"
Add component (AddParameter): Name = "LibraryName"; Value = "myrcl"; VariantName = "[No Variations]"
Add component (AddParameter): Name = "SpiceOrder1"; Value = "SpiceOrder 1"; VariantName = "[No Variations]"
Add component (AddParameter): Name = "SpiceOrder2"; Value = "SpiceOrder 2"; VariantName = "[No Variations]"
Add component (AddParameter): Name = "SymbolName_1"; Value = "C"; VariantName = "[No Variations]"
Added Component: Designator=C6(LC-0805_R)
Add component (AddParameter): Name = "DeviceName"; Value = "C0805"; VariantName = "[No Variations]"
Add component (AddParameter): Name = "DeviceSetName"; Value = "C"; VariantName = "[No Variations]"
Add component (AddParameter): Name = "GateName_1"; Value = "G$1"; VariantName = "[No Variations]"
Add component (AddParameter): Name = "LibraryName"; Value = "myrcl"; VariantName = "[No Variations]"
Add component (AddParameter): Name = "SpiceOrder1"; Value = "SpiceOrder 1"; VariantName = "[No Variations]"
Add component (AddParameter): Name = "SpiceOrder2"; Value = "SpiceOrder 2"; VariantName = "[No Variations]"
Add component (AddParameter): Name = "SymbolName_1"; Value = "C"; VariantName = "[No Variations]"
Added Component: Designator=C7(LC-0805_R)
Add component (AddParameter): Name = "DeviceName"; Value = "C0805"; VariantName = "[No Variations]"
Add component (AddParameter): Name = "DeviceSetName"; Value = "C"; VariantName = "[No Variations]"
Add component (AddParameter): Name = "GateName_1"; Value = "G$1"; VariantName = "[No Variations]"
Add component (AddParameter): Name = "LibraryName"; Value = "myrcl"; VariantName = "[No Variations]"
Add component (AddParameter): Name = "SpiceOrder1"; Value = "SpiceOrder 1"; VariantName = "[No Variations]"
Add component (AddParameter): Name = "SpiceOrder2"; Value = "SpiceOrder 2"; VariantName = "[No Variations]"
Add component (AddParameter): Name = "SymbolName_1"; Value = "C"; VariantName = "[No Variations]"
Added Component: Designator=C8(LC-0603_R)
Add component (AddParameter): Name = "DeviceName"; Value = "C0603"; VariantName = "[No Variations]"
Add component (AddParameter): Name = "DeviceSetName"; Value = "C"; VariantName = "[No Variations]"
Add component (AddParameter): Name = "GateName_1"; Value = "G$1"; VariantName = "[No Variations]"
Add component (AddParameter): Name = "LibraryName"; Value = "myrcl"; VariantName = "[No Variations]"
Add component (AddParameter): Name = "SpiceOrder1"; Value = "SpiceOrder 1"; VariantName = "[No Variations]"
Add component (AddParameter): Name = "SpiceOrder2"; Value = "SpiceOrder 2"; VariantName = "[No Variations]"
Add component (AddParameter): Name = "SymbolName_1"; Value = "C"; VariantName = "[No Variations]"
Added Component: Designator=C9(LC-0805_R)
Add component (AddParameter): Name = "DeviceName"; Value = "C0805"; VariantName = "[No Variations]"
Add component (AddParameter): Name = "DeviceSetName"; Value = "C"; VariantName = "[No Variations]"
Add component (AddParameter): Name = "GateName_1"; Value = "G$1"; VariantName = "[No Variations]"
Add component (AddParameter): Name = "LibraryName"; Value = "myrcl"; VariantName = "[No Variations]"
Add component (AddParameter): Name = "SpiceOrder1"; Value = "SpiceOrder 1"; VariantName = "[No Variations]"
Add component (AddParameter): Name = "SpiceOrder2"; Value = "SpiceOrder 2"; VariantName = "[No Variations]"
Add component (AddParameter): Name = "SymbolName_1"; Value = "C"; VariantName = "[No Variations]"
Added Component: Designator=C10(LC-0603_R)
Add component (AddParameter): Name = "DeviceName"; Value = "C0603"; VariantName = "[No Variations]"
Add component (AddParameter): Name = "DeviceSetName"; Value = "C"; VariantName = "[No Variations]"
Add component (AddParameter): Name = "GateName_1"; Value = "G$1"; VariantName = "[No Variations]"
Add component (AddParameter): Name = "LibraryName"; Value = "myrcl"; VariantName = "[No Variations]"
Add component (AddParameter): Name = "SpiceOrder1"; Value = "SpiceOrder 1"; VariantName = "[No Variations]"
Add component (AddParameter): Name = "SpiceOrder2"; Value = "SpiceOrder 2"; VariantName = "[No Variations]"
Add component (AddParameter): Name = "SymbolName_1"; Value = "C"; VariantName = "[No Variations]"
Added Component: Designator=C11(LC-0603_R)
Add component (AddParameter): Name = "DeviceName"; Value = "C0603"; VariantName = "[No Variations]"
Add component (AddParameter): Name = "DeviceSetName"; Value = "C"; VariantName = "[No Variations]"
Add component (AddParameter): Name = "GateName_1"; Value = "G$1"; VariantName = "[No Variations]"
Add component (AddParameter): Name = "LibraryName"; Value = "myrcl"; VariantName = "[No Variations]"
Add component (AddParameter): Name = "SpiceOrder1"; Value = "SpiceOrder 1"; VariantName = "[No Variations]"
Add component (AddParameter): Name = "SpiceOrder2"; Value = "SpiceOrder 2"; VariantName = "[No Variations]"
Add component (AddParameter): Name = "SymbolName_1"; Value = "C"; VariantName = "[No Variations]"
Added Component: Designator=C12(LC-0603_R)
Add component (AddParameter): Name = "DeviceName"; Value = "C0603"; VariantName = "[No Variations]"
Add component (AddParameter): Name = "DeviceSetName"; Value = "C"; VariantName = "[No Variations]"
Add component (AddParameter): Name = "GateName_1"; Value = "G$1"; VariantName = "[No Variations]"
Add component (AddParameter): Name = "LibraryName"; Value = "myrcl"; VariantName = "[No Variations]"
Add component (AddParameter): Name = "SpiceOrder1"; Value = "SpiceOrder 1"; VariantName = "[No Variations]"
Add component (AddParameter): Name = "SpiceOrder2"; Value = "SpiceOrder 2"; VariantName = "[No Variations]"
Add component (AddParameter): Name = "SymbolName_1"; Value = "C"; VariantName = "[No Variations]"
Added Component: Designator=C13(LC-0603_R)
Add component (AddParameter): Name = "DeviceName"; Value = "C0603"; VariantName = "[No Variations]"
Add component (AddParameter): Name = "DeviceSetName"; Value = "C"; VariantName = "[No Variations]"
Add component (AddParameter): Name = "GateName_1"; Value = "G$1"; VariantName = "[No Variations]"
Add component (AddParameter): Name = "LibraryName"; Value = "myrcl"; VariantName = "[No Variations]"
Add component (AddParameter): Name = "SpiceOrder1"; Value = "SpiceOrder 1"; VariantName = "[No Variations]"
Add component (AddParameter): Name = "SpiceOrder2"; Value = "SpiceOrder 2"; VariantName = "[No Variations]"
Add component (AddParameter): Name = "SymbolName_1"; Value = "C"; VariantName = "[No Variations]"
Added Component: Designator=CB(LC-0603_R)
Add component (AddParameter): Name = "DeviceName"; Value = "C0603"; VariantName = "[No Variations]"
Add component (AddParameter): Name = "DeviceSetName"; Value = "C"; VariantName = "[No Variations]"
Add component (AddParameter): Name = "GateName_1"; Value = "G$1"; VariantName = "[No Variations]"
Add component (AddParameter): Name = "LibraryName"; Value = "myrcl"; VariantName = "[No Variations]"
Add component (AddParameter): Name = "SpiceOrder1"; Value = "SpiceOrder 1"; VariantName = "[No Variations]"
Add component (AddParameter): Name = "SpiceOrder2"; Value = "SpiceOrder 2"; VariantName = "[No Variations]"
Add component (AddParameter): Name = "SymbolName_1"; Value = "C"; VariantName = "[No Variations]"
Added Component: Designator=CE1(LC-0603_R)
Add component (AddParameter): Name = "DeviceName"; Value = "C0603"; VariantName = "[No Variations]"
Add component (AddParameter): Name = "DeviceSetName"; Value = "C"; VariantName = "[No Variations]"
Add component (AddParameter): Name = "GateName_1"; Value = "G$1"; VariantName = "[No Variations]"
Add component (AddParameter): Name = "LibraryName"; Value = "myrcl"; VariantName = "[No Variations]"
Add component (AddParameter): Name = "SpiceOrder1"; Value = "SpiceOrder 1"; VariantName = "[No Variations]"
Add component (AddParameter): Name = "SpiceOrder2"; Value = "SpiceOrder 2"; VariantName = "[No Variations]"
Add component (AddParameter): Name = "SymbolName_1"; Value = "C"; VariantName = "[No Variations]"
Added Component: Designator=CE2(LC-0603_R)
Add component (AddParameter): Name = "DeviceName"; Value = "C0603"; VariantName = "[No Variations]"
Add component (AddParameter): Name = "DeviceSetName"; Value = "C"; VariantName = "[No Variations]"
Add component (AddParameter): Name = "GateName_1"; Value = "G$1"; VariantName = "[No Variations]"
Add component (AddParameter): Name = "LibraryName"; Value = "myrcl"; VariantName = "[No Variations]"
Add component (AddParameter): Name = "SpiceOrder1"; Value = "SpiceOrder 1"; VariantName = "[No Variations]"
Add component (AddParameter): Name = "SpiceOrder2"; Value = "SpiceOrder 2"; VariantName = "[No Variations]"
Add component (AddParameter): Name = "SymbolName_1"; Value = "C"; VariantName = "[No Variations]"
Added Component: Designator=CF(LC-0603_R)
Add component (AddParameter): Name = "DeviceName"; Value = "C0603"; VariantName = "[No Variations]"
Add component (AddParameter): Name = "DeviceSetName"; Value = "C"; VariantName = "[No Variations]"
Add component (AddParameter): Name = "GateName_1"; Value = "G$1"; VariantName = "[No Variations]"
Add component (AddParameter): Name = "LibraryName"; Value = "myrcl"; VariantName = "[No Variations]"
Add component (AddParameter): Name = "SpiceOrder1"; Value = "SpiceOrder 1"; VariantName = "[No Variations]"
Add component (AddParameter): Name = "SpiceOrder2"; Value = "SpiceOrder 2"; VariantName = "[No Variations]"
Add component (AddParameter): Name = "SymbolName_1"; Value = "C"; VariantName = "[No Variations]"
Added Component: Designator=CIN1(LC-0805_R)
Add component (AddParameter): Name = "DeviceName"; Value = "C0805"; VariantName = "[No Variations]"
Add component (AddParameter): Name = "DeviceSetName"; Value = "C"; VariantName = "[No Variations]"
Add component (AddParameter): Name = "GateName_1"; Value = "G$1"; VariantName = "[No Variations]"
Add component (AddParameter): Name = "LibraryName"; Value = "myrcl"; VariantName = "[No Variations]"
Add component (AddParameter): Name = "SpiceOrder1"; Value = "SpiceOrder 1"; VariantName = "[No Variations]"
Add component (AddParameter): Name = "SpiceOrder2"; Value = "SpiceOrder 2"; VariantName = "[No Variations]"
Add component (AddParameter): Name = "SymbolName_1"; Value = "C"; VariantName = "[No Variations]"
Added Component: Designator=CIN2(LC-0603_R)
Add component (AddParameter): Name = "DeviceName"; Value = "C0603"; VariantName = "[No Variations]"
Add component (AddParameter): Name = "DeviceSetName"; Value = "C"; VariantName = "[No Variations]"
Add component (AddParameter): Name = "GateName_1"; Value = "G$1"; VariantName = "[No Variations]"
Add component (AddParameter): Name = "LibraryName"; Value = "myrcl"; VariantName = "[No Variations]"
Add component (AddParameter): Name = "SpiceOrder1"; Value = "SpiceOrder 1"; VariantName = "[No Variations]"
Add component (AddParameter): Name = "SpiceOrder2"; Value = "SpiceOrder 2"; VariantName = "[No Variations]"
Add component (AddParameter): Name = "SymbolName_1"; Value = "C"; VariantName = "[No Variations]"
Added Component: Designator=CO1(LC-0603_R)
Add component (AddParameter): Name = "DeviceName"; Value = "C0603"; VariantName = "[No Variations]"
Add component (AddParameter): Name = "DeviceSetName"; Value = "C"; VariantName = "[No Variations]"
Add component (AddParameter): Name = "GateName_1"; Value = "G$1"; VariantName = "[No Variations]"
Add component (AddParameter): Name = "LibraryName"; Value = "myrcl"; VariantName = "[No Variations]"
Add component (AddParameter): Name = "SpiceOrder1"; Value = "SpiceOrder 1"; VariantName = "[No Variations]"
Add component (AddParameter): Name = "SpiceOrder2"; Value = "SpiceOrder 2"; VariantName = "[No Variations]"
Add component (AddParameter): Name = "SymbolName_1"; Value = "C"; VariantName = "[No Variations]"
Added Component: Designator=CO2(LC-0603_R)
Add component (AddParameter): Name = "DeviceName"; Value = "C0603"; VariantName = "[No Variations]"
Add component (AddParameter): Name = "DeviceSetName"; Value = "C"; VariantName = "[No Variations]"
Add component (AddParameter): Name = "GateName_1"; Value = "G$1"; VariantName = "[No Variations]"
Add component (AddParameter): Name = "LibraryName"; Value = "myrcl"; VariantName = "[No Variations]"
Add component (AddParameter): Name = "SpiceOrder1"; Value = "SpiceOrder 1"; VariantName = "[No Variations]"
Add component (AddParameter): Name = "SpiceOrder2"; Value = "SpiceOrder 2"; VariantName = "[No Variations]"
Add component (AddParameter): Name = "SymbolName_1"; Value = "C"; VariantName = "[No Variations]"
Add Component: Footprint Not Found 1X08
Added Component: Designator=CP1(LC-0805_R)
Add component (AddParameter): Name = "DeviceName"; Value = "C0805"; VariantName = "[No Variations]"
Add component (AddParameter): Name = "DeviceSetName"; Value = "C"; VariantName = "[No Variations]"
Add component (AddParameter): Name = "GateName_1"; Value = "G$1"; VariantName = "[No Variations]"
Add component (AddParameter): Name = "LibraryName"; Value = "myrcl"; VariantName = "[No Variations]"
Add component (AddParameter): Name = "SpiceOrder1"; Value = "SpiceOrder 1"; VariantName = "[No Variations]"
Add component (AddParameter): Name = "SpiceOrder2"; Value = "SpiceOrder 2"; VariantName = "[No Variations]"
Add component (AddParameter): Name = "SymbolName_1"; Value = "C"; VariantName = "[No Variations]"
Added Component: Designator=CP2(LC-0805_R)
Add component (AddParameter): Name = "DeviceName"; Value = "C0805"; VariantName = "[No Variations]"
Add component (AddParameter): Name = "DeviceSetName"; Value = "C"; VariantName = "[No Variations]"
Add component (AddParameter): Name = "GateName_1"; Value = "G$1"; VariantName = "[No Variations]"
Add component (AddParameter): Name = "LibraryName"; Value = "myrcl"; VariantName = "[No Variations]"
Add component (AddParameter): Name = "SpiceOrder1"; Value = "SpiceOrder 1"; VariantName = "[No Variations]"
Add component (AddParameter): Name = "SpiceOrder2"; Value = "SpiceOrder 2"; VariantName = "[No Variations]"
Add component (AddParameter): Name = "SymbolName_1"; Value = "C"; VariantName = "[No Variations]"
Added Component: Designator=CV(LC-0603_R)
Add component (AddParameter): Name = "DeviceName"; Value = "C0603"; VariantName = "[No Variations]"
Add component (AddParameter): Name = "DeviceSetName"; Value = "C"; VariantName = "[No Variations]"
Add component (AddParameter): Name = "GateName_1"; Value = "G$1"; VariantName = "[No Variations]"
Add component (AddParameter): Name = "LibraryName"; Value = "myrcl"; VariantName = "[No Variations]"
Add component (AddParameter): Name = "SpiceOrder1"; Value = "SpiceOrder 1"; VariantName = "[No Variations]"
Add component (AddParameter): Name = "SpiceOrder2"; Value = "SpiceOrder 2"; VariantName = "[No Variations]"
Add component (AddParameter): Name = "SymbolName_1"; Value = "C"; VariantName = "[No Variations]"
Added Component: Designator=DCDC(LC-SOT-23-6)
Add component (AddParameter): Name = "DeviceName"; Value = ""; VariantName = "[No Variations]"
Add component (AddParameter): Name = "DeviceSetName"; Value = "TPS54202"; VariantName = "[No Variations]"
Add component (AddParameter): Name = "GateName_1"; Value = "A"; VariantName = "[No Variations]"
Add component (AddParameter): Name = "LibraryName"; Value = "tps54202"; VariantName = "[No Variations]"
Add component (AddParameter): Name = "MOUNTTYPE"; Value = "SMT"; VariantName = "[No Variations]"
Add component (AddParameter): Name = "PARTNUMBER"; Value = "TPS54202DDCR"; VariantName = "[No Variations]"
Add component (AddParameter): Name = "SymbolName_1"; Value = "TPS54202DDC"; VariantName = "[No Variations]"
Added Component: Designator=DF9-17S(CONN-SMD_DF9-17S-1V-32)
Add component (AddParameter): Name = "DeviceName"; Value = ""; VariantName = "[No Variations]"
Add component (AddParameter): Name = "DeviceSetName"; Value = "DF9-17S"; VariantName = "[No Variations]"
Add component (AddParameter): Name = "GateName_1"; Value = "G$1"; VariantName = "[No Variations]"
Add component (AddParameter): Name = "LibraryName"; Value = "con-hirose"; VariantName = "[No Variations]"
Add component (AddParameter): Name = "SymbolName_1"; Value = "DF9-17S"; VariantName = "[No Variations]"
Added Component: Designator=DF9-31P(CONN-SMD_DF9-31S-1V)
Add component (AddParameter): Name = "DeviceName"; Value = ""; VariantName = "[No Variations]"
Add component (AddParameter): Name = "DeviceSetName"; Value = "DF9-31S"; VariantName = "[No Variations]"
Add component (AddParameter): Name = "GateName_1"; Value = "DF9"; VariantName = "[No Variations]"
Add component (AddParameter): Name = "LibraryName"; Value = "con-hirose"; VariantName = "[No Variations]"
Add component (AddParameter): Name = "MF"; Value = "MF"; VariantName = "[No Variations]"
Add component (AddParameter): Name = "MPN"; Value = "DF9-31S-1V(32)"; VariantName = "[No Variations]"
Add component (AddParameter): Name = "OC_FARNELL"; Value = "1798382"; VariantName = "[No Variations]"
Add component (AddParameter): Name = "OC_NEWARK"; Value = "74R3383"; VariantName = "[No Variations]"
Add component (AddParameter): Name = "SymbolName_1"; Value = "DF9-31S"; VariantName = "[No Variations]"
Added Component: Designator=DF9-31S(CONN-SMD_DF9-31S-1V)
Add component (AddParameter): Name = "DeviceName"; Value = ""; VariantName = "[No Variations]"
Add component (AddParameter): Name = "DeviceSetName"; Value = "DF9-31S"; VariantName = "[No Variations]"
Add component (AddParameter): Name = "GateName_1"; Value = "DF9"; VariantName = "[No Variations]"
Add component (AddParameter): Name = "LibraryName"; Value = "con-hirose"; VariantName = "[No Variations]"
Add component (AddParameter): Name = "MF"; Value = "MF"; VariantName = "[No Variations]"
Add component (AddParameter): Name = "MPN"; Value = "DF9-31S-1V(32)"; VariantName = "[No Variations]"
Add component (AddParameter): Name = "OC_FARNELL"; Value = "1798382"; VariantName = "[No Variations]"
Add component (AddParameter): Name = "OC_NEWARK"; Value = "74R3383"; VariantName = "[No Variations]"
Add component (AddParameter): Name = "SymbolName_1"; Value = "DF9-31S"; VariantName = "[No Variations]"
Added Component: Designator=DP(LC-SMA(DO-214AC)_S1)
Add component (AddParameter): Name = "DeviceName"; Value = "DO-214AC"; VariantName = "[No Variations]"
Add component (AddParameter): Name = "DeviceSetName"; Value = "DIODE-"; VariantName = "[No Variations]"
Add component (AddParameter): Name = "GateName_1"; Value = "G$1"; VariantName = "[No Variations]"
Add component (AddParameter): Name = "LibraryName"; Value = "diode"; VariantName = "[No Variations]"
Add component (AddParameter): Name = "SpiceOrder1"; Value = "SpiceOrder 1"; VariantName = "[No Variations]"
Add component (AddParameter): Name = "SpiceOrder2"; Value = "SpiceOrder 2"; VariantName = "[No Variations]"
Add component (AddParameter): Name = "SymbolName_1"; Value = "D"; VariantName = "[No Variations]"
Added Component: Designator=DV(LC-SOD-323)
Add component (AddParameter): Name = "DeviceName"; Value = "SOD323"; VariantName = "[No Variations]"
Add component (AddParameter): Name = "DeviceSetName"; Value = "D"; VariantName = "[No Variations]"
Add component (AddParameter): Name = "GateName_1"; Value = "G$1"; VariantName = "[No Variations]"
Add component (AddParameter): Name = "LibraryName"; Value = "zetex"; VariantName = "[No Variations]"
Add component (AddParameter): Name = "MF"; Value = "MF"; VariantName = "[No Variations]"
Add component (AddParameter): Name = "MPN"; Value = "CDSOD323-T05C"; VariantName = "[No Variations]"
Add component (AddParameter): Name = "OC_FARNELL"; Value = "1824860"; VariantName = "[No Variations]"
Add component (AddParameter): Name = "OC_NEWARK"; Value = "79R6078"; VariantName = "[No Variations]"
Add component (AddParameter): Name = "POPULARITY"; Value = "0"; VariantName = "[No Variations]"
Add component (AddParameter): Name = "SymbolName_1"; Value = "DIODE"; VariantName = "[No Variations]"
Added Component: Designator=EEPROM(LC-SOT-23-6)
Add component (AddParameter): Name = "Array"; Value = "Array"; VariantName = "[No Variations]"
Add component (AddParameter): Name = "DeviceName"; Value = ""; VariantName = "[No Variations]"
Add component (AddParameter): Name = "DeviceSetName"; Value = "24AA025UID"; VariantName = "[No Variations]"
Add component (AddParameter): Name = "EEPROM"; Value = "EEPROM"; VariantName = "[No Variations]"
Add component (AddParameter): Name = "GateName_1"; Value = "G$1"; VariantName = "[No Variations]"
Add component (AddParameter): Name = "GND"; Value = "GND"; VariantName = "[No Variations]"
Add component (AddParameter): Name = "LibraryName"; Value = "24AA02UID"; VariantName = "[No Variations]"
Add component (AddParameter): Name = "SymbolName_1"; Value = "24AA"; VariantName = "[No Variations]"
Add component (AddParameter): Name = "VCC"; Value = "VCC"; VariantName = "[No Variations]"
Add Component: Footprint Not Found JMP_OR_0603
Added Component: Designator=L1(LC-SMD-3215_2P FC - 135)
Add component (AddParameter): Name = "DeviceName"; Value = ""; VariantName = "[No Variations]"
Add component (AddParameter): Name = "DeviceSetName"; Value = "VLCF5028-2"; VariantName = "[No Variations]"
Add component (AddParameter): Name = "GateName_1"; Value = "G$1"; VariantName = "[No Variations]"
Add component (AddParameter): Name = "LibraryName"; Value = "VLCF5028"; VariantName = "[No Variations]"
Add component (AddParameter): Name = "SymbolName_1"; Value = "L-US"; VariantName = "[No Variations]"
Added Component: Designator=LD1(LC-0603_LED_S1)
Add component (AddParameter): Name = "DeviceName"; Value = ""; VariantName = "[No Variations]"
Add component (AddParameter): Name = "DeviceSetName"; Value = "LED0603"; VariantName = "[No Variations]"
Add component (AddParameter): Name = "GateName_1"; Value = "G$1"; VariantName = "[No Variations]"
Add component (AddParameter): Name = "LibraryName"; Value = "myrcl"; VariantName = "[No Variations]"
Add component (AddParameter): Name = "SymbolName_1"; Value = "LED"; VariantName = "[No Variations]"
Added Component: Designator=LD2(LC-0603_LED_S1)
Add component (AddParameter): Name = "DeviceName"; Value = ""; VariantName = "[No Variations]"
Add component (AddParameter): Name = "DeviceSetName"; Value = "LED0603"; VariantName = "[No Variations]"
Add component (AddParameter): Name = "GateName_1"; Value = "G$1"; VariantName = "[No Variations]"
Add component (AddParameter): Name = "LibraryName"; Value = "myrcl"; VariantName = "[No Variations]"
Add component (AddParameter): Name = "SymbolName_1"; Value = "LED"; VariantName = "[No Variations]"
Added Component: Designator=LD3(LC-0603_LED_S1)
Add component (AddParameter): Name = "DeviceName"; Value = ""; VariantName = "[No Variations]"
Add component (AddParameter): Name = "DeviceSetName"; Value = "LED0603"; VariantName = "[No Variations]"
Add component (AddParameter): Name = "GateName_1"; Value = "G$1"; VariantName = "[No Variations]"
Add component (AddParameter): Name = "LibraryName"; Value = "myrcl"; VariantName = "[No Variations]"
Add component (AddParameter): Name = "SymbolName_1"; Value = "LED"; VariantName = "[No Variations]"
Added Component: Designator=LD4(LC-0603_LED_S1)
Add component (AddParameter): Name = "DeviceName"; Value = ""; VariantName = "[No Variations]"
Add component (AddParameter): Name = "DeviceSetName"; Value = "LED0603"; VariantName = "[No Variations]"
Add component (AddParameter): Name = "GateName_1"; Value = "G$1"; VariantName = "[No Variations]"
Add component (AddParameter): Name = "LibraryName"; Value = "myrcl"; VariantName = "[No Variations]"
Add component (AddParameter): Name = "SymbolName_1"; Value = "LED"; VariantName = "[No Variations]"
Added Component: Designator=LD5(LC-0603_LED_S1)
Add component (AddParameter): Name = "DeviceName"; Value = ""; VariantName = "[No Variations]"
Add component (AddParameter): Name = "DeviceSetName"; Value = "LED0603"; VariantName = "[No Variations]"
Add component (AddParameter): Name = "GateName_1"; Value = "G$1"; VariantName = "[No Variations]"
Add component (AddParameter): Name = "LibraryName"; Value = "myrcl"; VariantName = "[No Variations]"
Add component (AddParameter): Name = "SymbolName_1"; Value = "LED"; VariantName = "[No Variations]"
Added Component: Designator=LDP(LC-0603_LED_S1)
Add component (AddParameter): Name = "DeviceName"; Value = ""; VariantName = "[No Variations]"
Add component (AddParameter): Name = "DeviceSetName"; Value = "LED0603"; VariantName = "[No Variations]"
Add component (AddParameter): Name = "GateName_1"; Value = "G$1"; VariantName = "[No Variations]"
Add component (AddParameter): Name = "LibraryName"; Value = "myrcl"; VariantName = "[No Variations]"
Add component (AddParameter): Name = "SymbolName_1"; Value = "LED"; VariantName = "[No Variations]"
Added Component: Designator=MCU(LC-LQFP-64_10x10x05P)
Add component (AddParameter): Name = "DeviceName"; Value = ""; VariantName = "[No Variations]"
Add component (AddParameter): Name = "DeviceSetName"; Value = "STM32F446RE_LQFP64"; VariantName = "[No Variations]"
Add component (AddParameter): Name = "GateName_1"; Value = "G$1"; VariantName = "[No Variations]"
Add component (AddParameter): Name = "LibraryName"; Value = "stm32f446re"; VariantName = "[No Variations]"
Add component (AddParameter): Name = "SymbolName_1"; Value = "STM32F446RE"; VariantName = "[No Variations]"
Add Component: Footprint Not Found TP06SQ
Add Component: Footprint Not Found SMD-SW-4_5.1x5.1x1.5
Add Component: Footprint Not Found 1X02
Added Component: Designator=Q1(LC-SMD-3225_4P)
Add component (AddParameter): Name = "1"; Value = "1"; VariantName = "[No Variations]"
Add component (AddParameter): Name = "2"; Value = "2"; VariantName = "[No Variations]"
Add component (AddParameter): Name = "DeviceName"; Value = "-7"; VariantName = "[No Variations]"
Add component (AddParameter): Name = "DeviceSetName"; Value = "KX"; VariantName = "[No Variations]"
Add component (AddParameter): Name = "GateName_1"; Value = "G$1"; VariantName = "[No Variations]"
Add component (AddParameter): Name = "LibraryName"; Value = "crystal-geyer_V1_0"; VariantName = "[No Variations]"
Add component (AddParameter): Name = "SymbolName_1"; Value = "Q"; VariantName = "[No Variations]"
Added Component: Designator=R1(LC-0603_R)
Add component (AddParameter): Name = "DeviceName"; Value = "R0603"; VariantName = "[No Variations]"
Add component (AddParameter): Name = "DeviceSetName"; Value = "R"; VariantName = "[No Variations]"
Add component (AddParameter): Name = "GateName_1"; Value = "G$1"; VariantName = "[No Variations]"
Add component (AddParameter): Name = "LibraryName"; Value = "myrcl"; VariantName = "[No Variations]"
Add component (AddParameter): Name = "SpiceOrder1"; Value = "SpiceOrder 1"; VariantName = "[No Variations]"
Add component (AddParameter): Name = "SpiceOrder2"; Value = "SpiceOrder 2"; VariantName = "[No Variations]"
Add component (AddParameter): Name = "SymbolName_1"; Value = "R"; VariantName = "[No Variations]"
Added Component: Designator=R2(LC-0603_R)
Add component (AddParameter): Name = "DeviceName"; Value = "R0603"; VariantName = "[No Variations]"
Add component (AddParameter): Name = "DeviceSetName"; Value = "R"; VariantName = "[No Variations]"
Add component (AddParameter): Name = "GateName_1"; Value = "G$1"; VariantName = "[No Variations]"
Add component (AddParameter): Name = "LibraryName"; Value = "myrcl"; VariantName = "[No Variations]"
Add component (AddParameter): Name = "SpiceOrder1"; Value = "SpiceOrder 1"; VariantName = "[No Variations]"
Add component (AddParameter): Name = "SpiceOrder2"; Value = "SpiceOrder 2"; VariantName = "[No Variations]"
Add component (AddParameter): Name = "SymbolName_1"; Value = "R"; VariantName = "[No Variations]"
Added Component: Designator=R3(LC-0603_R)
Add component (AddParameter): Name = "DeviceName"; Value = "R0603"; VariantName = "[No Variations]"
Add component (AddParameter): Name = "DeviceSetName"; Value = "R"; VariantName = "[No Variations]"
Add component (AddParameter): Name = "GateName_1"; Value = "G$1"; VariantName = "[No Variations]"
Add component (AddParameter): Name = "LibraryName"; Value = "myrcl"; VariantName = "[No Variations]"
Add component (AddParameter): Name = "SpiceOrder1"; Value = "SpiceOrder 1"; VariantName = "[No Variations]"
Add component (AddParameter): Name = "SpiceOrder2"; Value = "SpiceOrder 2"; VariantName = "[No Variations]"
Add component (AddParameter): Name = "SymbolName_1"; Value = "R"; VariantName = "[No Variations]"
Added Component: Designator=R4(LC-0603_R)
Add component (AddParameter): Name = "DeviceName"; Value = "R0603"; VariantName = "[No Variations]"
Add component (AddParameter): Name = "DeviceSetName"; Value = "R"; VariantName = "[No Variations]"
Add component (AddParameter): Name = "GateName_1"; Value = "G$1"; VariantName = "[No Variations]"
Add component (AddParameter): Name = "LibraryName"; Value = "myrcl"; VariantName = "[No Variations]"
Add component (AddParameter): Name = "SpiceOrder1"; Value = "SpiceOrder 1"; VariantName = "[No Variations]"
Add component (AddParameter): Name = "SpiceOrder2"; Value = "SpiceOrder 2"; VariantName = "[No Variations]"
Add component (AddParameter): Name = "SymbolName_1"; Value = "R"; VariantName = "[No Variations]"
Added Component: Designator=R5(LC-0603_R)
Add component (AddParameter): Name = "DeviceName"; Value = "R0603"; VariantName = "[No Variations]"
Add component (AddParameter): Name = "DeviceSetName"; Value = "R"; VariantName = "[No Variations]"
Add component (AddParameter): Name = "GateName_1"; Value = "G$1"; VariantName = "[No Variations]"
Add component (AddParameter): Name = "LibraryName"; Value = "myrcl"; VariantName = "[No Variations]"
Add component (AddParameter): Name = "SpiceOrder1"; Value = "SpiceOrder 1"; VariantName = "[No Variations]"
Add component (AddParameter): Name = "SpiceOrder2"; Value = "SpiceOrder 2"; VariantName = "[No Variations]"
Add component (AddParameter): Name = "SymbolName_1"; Value = "R"; VariantName = "[No Variations]"
Added Component: Designator=R10(LC-0603_R)
Add component (AddParameter): Name = "DeviceName"; Value = "R0603"; VariantName = "[No Variations]"
Add component (AddParameter): Name = "DeviceSetName"; Value = "R"; VariantName = "[No Variations]"
Add component (AddParameter): Name = "GateName_1"; Value = "G$1"; VariantName = "[No Variations]"
Add component (AddParameter): Name = "LibraryName"; Value = "myrcl"; VariantName = "[No Variations]"
Add component (AddParameter): Name = "SpiceOrder1"; Value = "SpiceOrder 1"; VariantName = "[No Variations]"
Add component (AddParameter): Name = "SpiceOrder2"; Value = "SpiceOrder 2"; VariantName = "[No Variations]"
Add component (AddParameter): Name = "SymbolName_1"; Value = "R"; VariantName = "[No Variations]"
Added Component: Designator=R11(LC-0603_R)
Add component (AddParameter): Name = "DeviceName"; Value = "R0603"; VariantName = "[No Variations]"
Add component (AddParameter): Name = "DeviceSetName"; Value = "R"; VariantName = "[No Variations]"
Add component (AddParameter): Name = "GateName_1"; Value = "G$1"; VariantName = "[No Variations]"
Add component (AddParameter): Name = "LibraryName"; Value = "myrcl"; VariantName = "[No Variations]"
Add component (AddParameter): Name = "SpiceOrder1"; Value = "SpiceOrder 1"; VariantName = "[No Variations]"
Add component (AddParameter): Name = "SpiceOrder2"; Value = "SpiceOrder 2"; VariantName = "[No Variations]"
Add component (AddParameter): Name = "SymbolName_1"; Value = "R"; VariantName = "[No Variations]"
Added Component: Designator=R12(LC-0603_R)
Add component (AddParameter): Name = "DeviceName"; Value = "R0603"; VariantName = "[No Variations]"
Add component (AddParameter): Name = "DeviceSetName"; Value = "R"; VariantName = "[No Variations]"
Add component (AddParameter): Name = "GateName_1"; Value = "G$1"; VariantName = "[No Variations]"
Add component (AddParameter): Name = "LibraryName"; Value = "myrcl"; VariantName = "[No Variations]"
Add component (AddParameter): Name = "SpiceOrder1"; Value = "SpiceOrder 1"; VariantName = "[No Variations]"
Add component (AddParameter): Name = "SpiceOrder2"; Value = "SpiceOrder 2"; VariantName = "[No Variations]"
Add component (AddParameter): Name = "SymbolName_1"; Value = "R"; VariantName = "[No Variations]"
Added Component: Designator=R50(LC-0603_R)
Add component (AddParameter): Name = "DeviceName"; Value = "R0603"; VariantName = "[No Variations]"
Add component (AddParameter): Name = "DeviceSetName"; Value = "R"; VariantName = "[No Variations]"
Add component (AddParameter): Name = "GateName_1"; Value = "G$1"; VariantName = "[No Variations]"
Add component (AddParameter): Name = "LibraryName"; Value = "myrcl"; VariantName = "[No Variations]"
Add component (AddParameter): Name = "SpiceOrder1"; Value = "SpiceOrder 1"; VariantName = "[No Variations]"
Add component (AddParameter): Name = "SpiceOrder2"; Value = "SpiceOrder 2"; VariantName = "[No Variations]"
Add component (AddParameter): Name = "SymbolName_1"; Value = "R"; VariantName = "[No Variations]"
Added Component: Designator=R51(LC-0603_R)
Add component (AddParameter): Name = "DeviceName"; Value = "R0603"; VariantName = "[No Variations]"
Add component (AddParameter): Name = "DeviceSetName"; Value = "R"; VariantName = "[No Variations]"
Add component (AddParameter): Name = "GateName_1"; Value = "G$1"; VariantName = "[No Variations]"
Add component (AddParameter): Name = "LibraryName"; Value = "myrcl"; VariantName = "[No Variations]"
Add component (AddParameter): Name = "SpiceOrder1"; Value = "SpiceOrder 1"; VariantName = "[No Variations]"
Add component (AddParameter): Name = "SpiceOrder2"; Value = "SpiceOrder 2"; VariantName = "[No Variations]"
Add component (AddParameter): Name = "SymbolName_1"; Value = "R"; VariantName = "[No Variations]"
Added Component: Designator=R52(LC-0603_R)
Add component (AddParameter): Name = "DeviceName"; Value = "R0603"; VariantName = "[No Variations]"
Add component (AddParameter): Name = "DeviceSetName"; Value = "R"; VariantName = "[No Variations]"
Add component (AddParameter): Name = "GateName_1"; Value = "G$1"; VariantName = "[No Variations]"
Add component (AddParameter): Name = "LibraryName"; Value = "myrcl"; VariantName = "[No Variations]"
Add component (AddParameter): Name = "SpiceOrder1"; Value = "SpiceOrder 1"; VariantName = "[No Variations]"
Add component (AddParameter): Name = "SpiceOrder2"; Value = "SpiceOrder 2"; VariantName = "[No Variations]"
Add component (AddParameter): Name = "SymbolName_1"; Value = "R"; VariantName = "[No Variations]"
Added Component: Designator=R53(LC-0603_R)
Add component (AddParameter): Name = "DeviceName"; Value = "R0603"; VariantName = "[No Variations]"
Add component (AddParameter): Name = "DeviceSetName"; Value = "R"; VariantName = "[No Variations]"
Add component (AddParameter): Name = "GateName_1"; Value = "G$1"; VariantName = "[No Variations]"
Add component (AddParameter): Name = "LibraryName"; Value = "myrcl"; VariantName = "[No Variations]"
Add component (AddParameter): Name = "SpiceOrder1"; Value = "SpiceOrder 1"; VariantName = "[No Variations]"
Add component (AddParameter): Name = "SpiceOrder2"; Value = "SpiceOrder 2"; VariantName = "[No Variations]"
Add component (AddParameter): Name = "SymbolName_1"; Value = "R"; VariantName = "[No Variations]"
Added Component: Designator=R54(LC-0603_R)
Add component (AddParameter): Name = "DeviceName"; Value = "R0603"; VariantName = "[No Variations]"
Add component (AddParameter): Name = "DeviceSetName"; Value = "R"; VariantName = "[No Variations]"
Add component (AddParameter): Name = "GateName_1"; Value = "G$1"; VariantName = "[No Variations]"
Add component (AddParameter): Name = "LibraryName"; Value = "myrcl"; VariantName = "[No Variations]"
Add component (AddParameter): Name = "SpiceOrder1"; Value = "SpiceOrder 1"; VariantName = "[No Variations]"
Add component (AddParameter): Name = "SpiceOrder2"; Value = "SpiceOrder 2"; VariantName = "[No Variations]"
Add component (AddParameter): Name = "SymbolName_1"; Value = "R"; VariantName = "[No Variations]"
Added Component: Designator=R55(LC-0603_R)
Add component (AddParameter): Name = "DeviceName"; Value = "R0603"; VariantName = "[No Variations]"
Add component (AddParameter): Name = "DeviceSetName"; Value = "R"; VariantName = "[No Variations]"
Add component (AddParameter): Name = "GateName_1"; Value = "G$1"; VariantName = "[No Variations]"
Add component (AddParameter): Name = "LibraryName"; Value = "myrcl"; VariantName = "[No Variations]"
Add component (AddParameter): Name = "SpiceOrder1"; Value = "SpiceOrder 1"; VariantName = "[No Variations]"
Add component (AddParameter): Name = "SpiceOrder2"; Value = "SpiceOrder 2"; VariantName = "[No Variations]"
Add component (AddParameter): Name = "SymbolName_1"; Value = "R"; VariantName = "[No Variations]"
Added Component: Designator=R56(LC-0603_R)
Add component (AddParameter): Name = "DeviceName"; Value = "R0603"; VariantName = "[No Variations]"
Add component (AddParameter): Name = "DeviceSetName"; Value = "R"; VariantName = "[No Variations]"
Add component (AddParameter): Name = "GateName_1"; Value = "G$1"; VariantName = "[No Variations]"
Add component (AddParameter): Name = "LibraryName"; Value = "myrcl"; VariantName = "[No Variations]"
Add component (AddParameter): Name = "SpiceOrder1"; Value = "SpiceOrder 1"; VariantName = "[No Variations]"
Add component (AddParameter): Name = "SpiceOrder2"; Value = "SpiceOrder 2"; VariantName = "[No Variations]"
Add component (AddParameter): Name = "SymbolName_1"; Value = "R"; VariantName = "[No Variations]"
Added Component: Designator=R57(LC-0603_R)
Add component (AddParameter): Name = "DeviceName"; Value = "R0603"; VariantName = "[No Variations]"
Add component (AddParameter): Name = "DeviceSetName"; Value = "R"; VariantName = "[No Variations]"
Add component (AddParameter): Name = "GateName_1"; Value = "G$1"; VariantName = "[No Variations]"
Add component (AddParameter): Name = "LibraryName"; Value = "myrcl"; VariantName = "[No Variations]"
Add component (AddParameter): Name = "SpiceOrder1"; Value = "SpiceOrder 1"; VariantName = "[No Variations]"
Add component (AddParameter): Name = "SpiceOrder2"; Value = "SpiceOrder 2"; VariantName = "[No Variations]"
Add component (AddParameter): Name = "SymbolName_1"; Value = "R"; VariantName = "[No Variations]"
Added Component: Designator=R58(LC-0603_R)
Add component (AddParameter): Name = "DeviceName"; Value = "R0603"; VariantName = "[No Variations]"
Add component (AddParameter): Name = "DeviceSetName"; Value = "R"; VariantName = "[No Variations]"
Add component (AddParameter): Name = "GateName_1"; Value = "G$1"; VariantName = "[No Variations]"
Add component (AddParameter): Name = "LibraryName"; Value = "myrcl"; VariantName = "[No Variations]"
Add component (AddParameter): Name = "SpiceOrder1"; Value = "SpiceOrder 1"; VariantName = "[No Variations]"
Add component (AddParameter): Name = "SpiceOrder2"; Value = "SpiceOrder 2"; VariantName = "[No Variations]"
Add component (AddParameter): Name = "SymbolName_1"; Value = "R"; VariantName = "[No Variations]"
Added Component: Designator=R59(LC-0603_R)
Add component (AddParameter): Name = "DeviceName"; Value = "R0603"; VariantName = "[No Variations]"
Add component (AddParameter): Name = "DeviceSetName"; Value = "R"; VariantName = "[No Variations]"
Add component (AddParameter): Name = "GateName_1"; Value = "G$1"; VariantName = "[No Variations]"
Add component (AddParameter): Name = "LibraryName"; Value = "myrcl"; VariantName = "[No Variations]"
Add component (AddParameter): Name = "SpiceOrder1"; Value = "SpiceOrder 1"; VariantName = "[No Variations]"
Add component (AddParameter): Name = "SpiceOrder2"; Value = "SpiceOrder 2"; VariantName = "[No Variations]"
Add component (AddParameter): Name = "SymbolName_1"; Value = "R"; VariantName = "[No Variations]"
Added Component: Designator=R60(LC-0603_R)
Add component (AddParameter): Name = "DeviceName"; Value = "R0603"; VariantName = "[No Variations]"
Add component (AddParameter): Name = "DeviceSetName"; Value = "R"; VariantName = "[No Variations]"
Add component (AddParameter): Name = "GateName_1"; Value = "G$1"; VariantName = "[No Variations]"
Add component (AddParameter): Name = "LibraryName"; Value = "myrcl"; VariantName = "[No Variations]"
Add component (AddParameter): Name = "SpiceOrder1"; Value = "SpiceOrder 1"; VariantName = "[No Variations]"
Add component (AddParameter): Name = "SpiceOrder2"; Value = "SpiceOrder 2"; VariantName = "[No Variations]"
Add component (AddParameter): Name = "SymbolName_1"; Value = "R"; VariantName = "[No Variations]"
Added Component: Designator=R61(LC-0603_R)
Add component (AddParameter): Name = "DeviceName"; Value = "R0603"; VariantName = "[No Variations]"
Add component (AddParameter): Name = "DeviceSetName"; Value = "R"; VariantName = "[No Variations]"
Add component (AddParameter): Name = "GateName_1"; Value = "G$1"; VariantName = "[No Variations]"
Add component (AddParameter): Name = "LibraryName"; Value = "myrcl"; VariantName = "[No Variations]"
Add component (AddParameter): Name = "SpiceOrder1"; Value = "SpiceOrder 1"; VariantName = "[No Variations]"
Add component (AddParameter): Name = "SpiceOrder2"; Value = "SpiceOrder 2"; VariantName = "[No Variations]"
Add component (AddParameter): Name = "SymbolName_1"; Value = "R"; VariantName = "[No Variations]"
Added Component: Designator=R62(LC-0603_R)
Add component (AddParameter): Name = "DeviceName"; Value = "R0603"; VariantName = "[No Variations]"
Add component (AddParameter): Name = "DeviceSetName"; Value = "R"; VariantName = "[No Variations]"
Add component (AddParameter): Name = "GateName_1"; Value = "G$1"; VariantName = "[No Variations]"
Add component (AddParameter): Name = "LibraryName"; Value = "myrcl"; VariantName = "[No Variations]"
Add component (AddParameter): Name = "SpiceOrder1"; Value = "SpiceOrder 1"; VariantName = "[No Variations]"
Add component (AddParameter): Name = "SpiceOrder2"; Value = "SpiceOrder 2"; VariantName = "[No Variations]"
Add component (AddParameter): Name = "SymbolName_1"; Value = "R"; VariantName = "[No Variations]"
Added Component: Designator=R63(LC-0603_R)
Add component (AddParameter): Name = "DeviceName"; Value = "R0603"; VariantName = "[No Variations]"
Add component (AddParameter): Name = "DeviceSetName"; Value = "R"; VariantName = "[No Variations]"
Add component (AddParameter): Name = "GateName_1"; Value = "G$1"; VariantName = "[No Variations]"
Add component (AddParameter): Name = "LibraryName"; Value = "myrcl"; VariantName = "[No Variations]"
Add component (AddParameter): Name = "SpiceOrder1"; Value = "SpiceOrder 1"; VariantName = "[No Variations]"
Add component (AddParameter): Name = "SpiceOrder2"; Value = "SpiceOrder 2"; VariantName = "[No Variations]"
Add component (AddParameter): Name = "SymbolName_1"; Value = "R"; VariantName = "[No Variations]"
Added Component: Designator=R70(LC-0603_R)
Add component (AddParameter): Name = "DeviceName"; Value = "R0603"; VariantName = "[No Variations]"
Add component (AddParameter): Name = "DeviceSetName"; Value = "R"; VariantName = "[No Variations]"
Add component (AddParameter): Name = "GateName_1"; Value = "G$1"; VariantName = "[No Variations]"
Add component (AddParameter): Name = "LibraryName"; Value = "myrcl"; VariantName = "[No Variations]"
Add component (AddParameter): Name = "SpiceOrder1"; Value = "SpiceOrder 1"; VariantName = "[No Variations]"
Add component (AddParameter): Name = "SpiceOrder2"; Value = "SpiceOrder 2"; VariantName = "[No Variations]"
Add component (AddParameter): Name = "SymbolName_1"; Value = "R"; VariantName = "[No Variations]"
Added Component: Designator=R71(LC-0603_R)
Add component (AddParameter): Name = "DeviceName"; Value = "R0603"; VariantName = "[No Variations]"
Add component (AddParameter): Name = "DeviceSetName"; Value = "R"; VariantName = "[No Variations]"
Add component (AddParameter): Name = "GateName_1"; Value = "G$1"; VariantName = "[No Variations]"
Add component (AddParameter): Name = "LibraryName"; Value = "myrcl"; VariantName = "[No Variations]"
Add component (AddParameter): Name = "SpiceOrder1"; Value = "SpiceOrder 1"; VariantName = "[No Variations]"
Add component (AddParameter): Name = "SpiceOrder2"; Value = "SpiceOrder 2"; VariantName = "[No Variations]"
Add component (AddParameter): Name = "SymbolName_1"; Value = "R"; VariantName = "[No Variations]"
Added Component: Designator=R80(LC-0603_R)
Add component (AddParameter): Name = "DeviceName"; Value = "R0603"; VariantName = "[No Variations]"
Add component (AddParameter): Name = "DeviceSetName"; Value = "R"; VariantName = "[No Variations]"
Add component (AddParameter): Name = "GateName_1"; Value = "G$1"; VariantName = "[No Variations]"
Add component (AddParameter): Name = "LibraryName"; Value = "myrcl"; VariantName = "[No Variations]"
Add component (AddParameter): Name = "SpiceOrder1"; Value = "SpiceOrder 1"; VariantName = "[No Variations]"
Add component (AddParameter): Name = "SpiceOrder2"; Value = "SpiceOrder 2"; VariantName = "[No Variations]"
Add component (AddParameter): Name = "SymbolName_1"; Value = "R"; VariantName = "[No Variations]"
Added Component: Designator=R81A(LC-0603_R)
Add component (AddParameter): Name = "DeviceName"; Value = "R0603"; VariantName = "[No Variations]"
Add component (AddParameter): Name = "DeviceSetName"; Value = "R"; VariantName = "[No Variations]"
Add component (AddParameter): Name = "GateName_1"; Value = "G$1"; VariantName = "[No Variations]"
Add component (AddParameter): Name = "LibraryName"; Value = "myrcl"; VariantName = "[No Variations]"
Add component (AddParameter): Name = "SpiceOrder1"; Value = "SpiceOrder 1"; VariantName = "[No Variations]"
Add component (AddParameter): Name = "SpiceOrder2"; Value = "SpiceOrder 2"; VariantName = "[No Variations]"
Add component (AddParameter): Name = "SymbolName_1"; Value = "R"; VariantName = "[No Variations]"
Added Component: Designator=R81B(LC-0603_R)
Add component (AddParameter): Name = "DeviceName"; Value = "R0603"; VariantName = "[No Variations]"
Add component (AddParameter): Name = "DeviceSetName"; Value = "R"; VariantName = "[No Variations]"
Add component (AddParameter): Name = "GateName_1"; Value = "G$1"; VariantName = "[No Variations]"
Add component (AddParameter): Name = "LibraryName"; Value = "myrcl"; VariantName = "[No Variations]"
Add component (AddParameter): Name = "SpiceOrder1"; Value = "SpiceOrder 1"; VariantName = "[No Variations]"
Add component (AddParameter): Name = "SpiceOrder2"; Value = "SpiceOrder 2"; VariantName = "[No Variations]"
Add component (AddParameter): Name = "SymbolName_1"; Value = "R"; VariantName = "[No Variations]"
Added Component: Designator=R82(LC-0603_R)
Add component (AddParameter): Name = "DeviceName"; Value = "R0603"; VariantName = "[No Variations]"
Add component (AddParameter): Name = "DeviceSetName"; Value = "R"; VariantName = "[No Variations]"
Add component (AddParameter): Name = "GateName_1"; Value = "G$1"; VariantName = "[No Variations]"
Add component (AddParameter): Name = "LibraryName"; Value = "myrcl"; VariantName = "[No Variations]"
Add component (AddParameter): Name = "SpiceOrder1"; Value = "SpiceOrder 1"; VariantName = "[No Variations]"
Add component (AddParameter): Name = "SpiceOrder2"; Value = "SpiceOrder 2"; VariantName = "[No Variations]"
Add component (AddParameter): Name = "SymbolName_1"; Value = "R"; VariantName = "[No Variations]"
Added Component: Designator=R90(LC-0603_R)
Add component (AddParameter): Name = "DeviceName"; Value = "R0603"; VariantName = "[No Variations]"
Add component (AddParameter): Name = "DeviceSetName"; Value = "R"; VariantName = "[No Variations]"
Add component (AddParameter): Name = "GateName_1"; Value = "G$1"; VariantName = "[No Variations]"
Add component (AddParameter): Name = "LibraryName"; Value = "myrcl"; VariantName = "[No Variations]"
Add component (AddParameter): Name = "SpiceOrder1"; Value = "SpiceOrder 1"; VariantName = "[No Variations]"
Add component (AddParameter): Name = "SpiceOrder2"; Value = "SpiceOrder 2"; VariantName = "[No Variations]"
Add component (AddParameter): Name = "SymbolName_1"; Value = "R"; VariantName = "[No Variations]"
Added Component: Designator=R91(LC-0603_R)
Add component (AddParameter): Name = "DeviceName"; Value = "R0603"; VariantName = "[No Variations]"
Add component (AddParameter): Name = "DeviceSetName"; Value = "R"; VariantName = "[No Variations]"
Add component (AddParameter): Name = "GateName_1"; Value = "G$1"; VariantName = "[No Variations]"
Add component (AddParameter): Name = "LibraryName"; Value = "myrcl"; VariantName = "[No Variations]"
Add component (AddParameter): Name = "SpiceOrder1"; Value = "SpiceOrder 1"; VariantName = "[No Variations]"
Add component (AddParameter): Name = "SpiceOrder2"; Value = "SpiceOrder 2"; VariantName = "[No Variations]"
Add component (AddParameter): Name = "SymbolName_1"; Value = "R"; VariantName = "[No Variations]"
Added Component: Designator=R92(LC-0603_R)
Add component (AddParameter): Name = "DeviceName"; Value = "R0603"; VariantName = "[No Variations]"
Add component (AddParameter): Name = "DeviceSetName"; Value = "R"; VariantName = "[No Variations]"
Add component (AddParameter): Name = "GateName_1"; Value = "G$1"; VariantName = "[No Variations]"
Add component (AddParameter): Name = "LibraryName"; Value = "myrcl"; VariantName = "[No Variations]"
Add component (AddParameter): Name = "SpiceOrder1"; Value = "SpiceOrder 1"; VariantName = "[No Variations]"
Add component (AddParameter): Name = "SpiceOrder2"; Value = "SpiceOrder 2"; VariantName = "[No Variations]"
Add component (AddParameter): Name = "SymbolName_1"; Value = "R"; VariantName = "[No Variations]"
Added Component: Designator=R93(LC-0603_R)
Add component (AddParameter): Name = "DeviceName"; Value = "R0603"; VariantName = "[No Variations]"
Add component (AddParameter): Name = "DeviceSetName"; Value = "R"; VariantName = "[No Variations]"
Add component (AddParameter): Name = "GateName_1"; Value = "G$1"; VariantName = "[No Variations]"
Add component (AddParameter): Name = "LibraryName"; Value = "myrcl"; VariantName = "[No Variations]"
Add component (AddParameter): Name = "SpiceOrder1"; Value = "SpiceOrder 1"; VariantName = "[No Variations]"
Add component (AddParameter): Name = "SpiceOrder2"; Value = "SpiceOrder 2"; VariantName = "[No Variations]"
Add component (AddParameter): Name = "SymbolName_1"; Value = "R"; VariantName = "[No Variations]"
Add Component: Footprint Not Found 0402_R
Add Component: Footprint Not Found 0402_R
Add Component: Footprint Not Found 0402_R
Add Component: Footprint Not Found 0402_R
Add Component: Footprint Not Found 0402_R
Add Component: Footprint Not Found 0402_R
Added Component: Designator=RB0(LC-0603_R)
Add component (AddParameter): Name = "DeviceName"; Value = "R0603"; VariantName = "[No Variations]"
Add component (AddParameter): Name = "DeviceSetName"; Value = "R"; VariantName = "[No Variations]"
Add component (AddParameter): Name = "GateName_1"; Value = "G$1"; VariantName = "[No Variations]"
Add component (AddParameter): Name = "LibraryName"; Value = "myrcl"; VariantName = "[No Variations]"
Add component (AddParameter): Name = "SpiceOrder1"; Value = "SpiceOrder 1"; VariantName = "[No Variations]"
Add component (AddParameter): Name = "SpiceOrder2"; Value = "SpiceOrder 2"; VariantName = "[No Variations]"
Add component (AddParameter): Name = "SymbolName_1"; Value = "R"; VariantName = "[No Variations]"
Added Component: Designator=RD1(LC-0603_R)
Add component (AddParameter): Name = "DeviceName"; Value = "R0603"; VariantName = "[No Variations]"
Add component (AddParameter): Name = "DeviceSetName"; Value = "R"; VariantName = "[No Variations]"
Add component (AddParameter): Name = "GateName_1"; Value = "G$1"; VariantName = "[No Variations]"
Add component (AddParameter): Name = "LibraryName"; Value = "myrcl"; VariantName = "[No Variations]"
Add component (AddParameter): Name = "SpiceOrder1"; Value = "SpiceOrder 1"; VariantName = "[No Variations]"
Add component (AddParameter): Name = "SpiceOrder2"; Value = "SpiceOrder 2"; VariantName = "[No Variations]"
Add component (AddParameter): Name = "SymbolName_1"; Value = "R"; VariantName = "[No Variations]"
Added Component: Designator=RD2(LC-0603_R)
Add component (AddParameter): Name = "DeviceName"; Value = "R0603"; VariantName = "[No Variations]"
Add component (AddParameter): Name = "DeviceSetName"; Value = "R"; VariantName = "[No Variations]"
Add component (AddParameter): Name = "GateName_1"; Value = "G$1"; VariantName = "[No Variations]"
Add component (AddParameter): Name = "LibraryName"; Value = "myrcl"; VariantName = "[No Variations]"
Add component (AddParameter): Name = "SpiceOrder1"; Value = "SpiceOrder 1"; VariantName = "[No Variations]"
Add component (AddParameter): Name = "SpiceOrder2"; Value = "SpiceOrder 2"; VariantName = "[No Variations]"
Add component (AddParameter): Name = "SymbolName_1"; Value = "R"; VariantName = "[No Variations]"
Added Component: Designator=RISO(LC-0603_R)
Add component (AddParameter): Name = "DeviceName"; Value = "R0603"; VariantName = "[No Variations]"
Add component (AddParameter): Name = "DeviceSetName"; Value = "R"; VariantName = "[No Variations]"
Add component (AddParameter): Name = "GateName_1"; Value = "G$1"; VariantName = "[No Variations]"
Add component (AddParameter): Name = "LibraryName"; Value = "myrcl"; VariantName = "[No Variations]"
Add component (AddParameter): Name = "SpiceOrder1"; Value = "SpiceOrder 1"; VariantName = "[No Variations]"
Add component (AddParameter): Name = "SpiceOrder2"; Value = "SpiceOrder 2"; VariantName = "[No Variations]"
Add component (AddParameter): Name = "SymbolName_1"; Value = "R"; VariantName = "[No Variations]"
Add Component: Footprint Not Found JMP_OR_0603
Added Component: Designator=RV1(LC-0603_R)
Add component (AddParameter): Name = "DeviceName"; Value = "R0603"; VariantName = "[No Variations]"
Add component (AddParameter): Name = "DeviceSetName"; Value = "R"; VariantName = "[No Variations]"
Add component (AddParameter): Name = "GateName_1"; Value = "G$1"; VariantName = "[No Variations]"
Add component (AddParameter): Name = "LibraryName"; Value = "myrcl"; VariantName = "[No Variations]"
Add component (AddParameter): Name = "SpiceOrder1"; Value = "SpiceOrder 1"; VariantName = "[No Variations]"
Add component (AddParameter): Name = "SpiceOrder2"; Value = "SpiceOrder 2"; VariantName = "[No Variations]"
Add component (AddParameter): Name = "SymbolName_1"; Value = "R"; VariantName = "[No Variations]"
Added Component: Designator=RV2(LC-0603_R)
Add component (AddParameter): Name = "DeviceName"; Value = "R0603"; VariantName = "[No Variations]"
Add component (AddParameter): Name = "DeviceSetName"; Value = "R"; VariantName = "[No Variations]"
Add component (AddParameter): Name = "GateName_1"; Value = "G$1"; VariantName = "[No Variations]"
Add component (AddParameter): Name = "LibraryName"; Value = "myrcl"; VariantName = "[No Variations]"
Add component (AddParameter): Name = "SpiceOrder1"; Value = "SpiceOrder 1"; VariantName = "[No Variations]"
Add component (AddParameter): Name = "SpiceOrder2"; Value = "SpiceOrder 2"; VariantName = "[No Variations]"
Add component (AddParameter): Name = "SymbolName_1"; Value = "R"; VariantName = "[No Variations]"
Added Component: Designator=SISO_CTRL(LC-SOP-8_150mil)
Add component (AddParameter): Name = "DeviceName"; Value = ""; VariantName = "[No Variations]"
Add component (AddParameter): Name = "DeviceSetName"; Value = "ISO7021"; VariantName = "[No Variations]"
Add component (AddParameter): Name = "GateName_1"; Value = "G$1"; VariantName = "[No Variations]"
Add component (AddParameter): Name = "LibraryName"; Value = "iso7021"; VariantName = "[No Variations]"
Add component (AddParameter): Name = "SymbolName_1"; Value = "ISO7021"; VariantName = "[No Variations]"
Added Component: Designator=SISO_UART(LC-SOP-8_150mil)
Add component (AddParameter): Name = "DeviceName"; Value = ""; VariantName = "[No Variations]"
Add component (AddParameter): Name = "DeviceSetName"; Value = "ISO7021"; VariantName = "[No Variations]"
Add component (AddParameter): Name = "GateName_1"; Value = "G$1"; VariantName = "[No Variations]"
Add component (AddParameter): Name = "LibraryName"; Value = "iso7021"; VariantName = "[No Variations]"
Add component (AddParameter): Name = "SymbolName_1"; Value = "ISO7021"; VariantName = "[No Variations]"
Add Component: Footprint Not Found NR_FIELD
Add Component: Footprint Not Found GND_MERGE
Added Pin To Net: NetName=+3V3 Pin=C1-1
Added Pin To Net: NetName=+3V3 Pin=C2-1
Added Pin To Net: NetName=+3V3 Pin=C3-1
Added Pin To Net: NetName=+3V3 Pin=C4-1
Added Pin To Net: NetName=+3V3 Pin=C5-1
Added Pin To Net: NetName=+3V3 Pin=C6-1
Added Pin To Net: NetName=+3V3 Pin=C7-1
Added Pin To Net: NetName=+3V3 Pin=C8-1
Added Pin To Net: NetName=+3V3 Pin=C11-1
Added Pin To Net: NetName=+3V3 Pin=C12-1
Added Pin To Net: NetName=+3V3 Pin=C13-1
Added Pin To Net: NetName=+3V3 Pin=CF-1
Added Pin To Net: NetName=+3V3 Pin=CP1-1
Added Pin To Net: NetName=+3V3 Pin=CP2-1
Added Pin To Net: NetName=+3V3 Pin=DF9-17S-1
Added Pin To Net: NetName=+3V3 Pin=DF9-31P-20
Added Pin To Net: NetName=+3V3 Pin=DF9-31P-28
Added Pin To Net: NetName=+3V3 Pin=DF9-31S-4
Added Pin To Net: NetName=+3V3 Pin=DF9-31S-12
Added Pin To Net: NetName=+3V3 Pin=EEPROM-6
Added Pin To Net: NetName=+3V3 Pin=L1-2
Added Pin To Net: NetName=+3V3 Pin=R50-2
Added Pin To Net: NetName=+3V3 Pin=R51-1
Added Pin To Net: NetName=+3V3 Pin=R51-2
Added Pin To Net: NetName=+3V3 Pin=R53-1
Added Pin To Net: NetName=+3V3 Pin=R55-1
Added Pin To Net: NetName=+3V3 Pin=R61-2
Added Pin To Net: NetName=+3V3 Pin=R63-2
Added Pin To Net: NetName=+3V3 Pin=RD2-2
Added Pin To Net: NetName=+3V3 Pin=SISO_CTRL-8
Added Pin To Net: NetName=+3V3 Pin=SISO_UART-8
Added Pin To Net: NetName=+3V3 Pin=MCU-32
Added Pin To Net: NetName=+3V3 Pin=MCU-48
Added Pin To Net: NetName=+3V3 Pin=MCU-64
Added Net: Name=+3V3
Added Pin To Net: NetName=+12V Pin=CIN1-1
Added Pin To Net: NetName=+12V Pin=CIN2-1
Added Pin To Net: NetName=+12V Pin=DCDC-3
Added Pin To Net: NetName=+12V Pin=DF9-31P-16
Added Pin To Net: NetName=+12V Pin=DF9-31P-17
Added Pin To Net: NetName=+12V Pin=DF9-31S-15
Added Pin To Net: NetName=+12V Pin=DF9-31S-16
Added Pin To Net: NetName=+12V Pin=RV2-2
Added Net: Name=+12V
Added Pin To Net: NetName=DGND Pin=C1-2
Added Pin To Net: NetName=DGND Pin=C2-2
Added Pin To Net: NetName=DGND Pin=C3-2
Added Pin To Net: NetName=DGND Pin=C4-2
Added Pin To Net: NetName=DGND Pin=C5-2
Added Pin To Net: NetName=DGND Pin=C6-2
Added Pin To Net: NetName=DGND Pin=C7-2
Added Pin To Net: NetName=DGND Pin=C8-2
Added Pin To Net: NetName=DGND Pin=C9-2
Added Pin To Net: NetName=DGND Pin=C10-2
Added Pin To Net: NetName=DGND Pin=C11-2
Added Pin To Net: NetName=DGND Pin=C12-2
Added Pin To Net: NetName=DGND Pin=C13-2
Added Pin To Net: NetName=DGND Pin=CO1-2
Added Pin To Net: NetName=DGND Pin=CO2-2
Added Pin To Net: NetName=DGND Pin=CP1-2
Added Pin To Net: NetName=DGND Pin=CP2-2
Added Pin To Net: NetName=DGND Pin=CV-2
Added Pin To Net: NetName=DGND Pin=DF9-17S-5
Added Pin To Net: NetName=DGND Pin=DF9-31P-4
Added Pin To Net: NetName=DGND Pin=DF9-31S-28
Added Pin To Net: NetName=DGND Pin=DV-2
Added Pin To Net: NetName=DGND Pin=EEPROM-2
Added Pin To Net: NetName=DGND Pin=EEPROM-4
Added Pin To Net: NetName=DGND Pin=EEPROM-5
Added Pin To Net: NetName=DGND Pin=R59-1
Added Pin To Net: NetName=DGND Pin=R81A-1
Added Pin To Net: NetName=DGND Pin=RB0-1
Added Pin To Net: NetName=DGND Pin=RD1-1
Added Pin To Net: NetName=DGND Pin=RISO-2
Added Pin To Net: NetName=DGND Pin=RV1-1
Added Pin To Net: NetName=DGND Pin=SISO_CTRL-5
Added Pin To Net: NetName=DGND Pin=SISO_UART-5
Added Pin To Net: NetName=DGND Pin=MCU-31
Added Pin To Net: NetName=DGND Pin=MCU-47
Added Pin To Net: NetName=DGND Pin=MCU-63
Added Pin To Net: NetName=DGND Pin=Q1-2
Added Pin To Net: NetName=DGND Pin=Q1-4
Added Net: Name=DGND
Added Pin To Net: NetName=GNDI Pin=CE1-2
Added Pin To Net: NetName=GNDI Pin=CE2-2
Added Pin To Net: NetName=GNDI Pin=DF9-17S-8
Added Pin To Net: NetName=GNDI Pin=R81B-2
Added Pin To Net: NetName=GNDI Pin=RISO-1
Added Pin To Net: NetName=GNDI Pin=SISO_CTRL-4
Added Pin To Net: NetName=GNDI Pin=SISO_UART-4
Added Net: Name=GNDI
Added Pin To Net: NetName=GND Pin=CIN1-2
Added Pin To Net: NetName=GND Pin=CIN2-2
Added Pin To Net: NetName=GND Pin=DCDC-1
Added Pin To Net: NetName=GND Pin=DF9-31P-18
Added Pin To Net: NetName=GND Pin=DF9-31P-19
Added Pin To Net: NetName=GND Pin=DF9-31S-13
Added Pin To Net: NetName=GND Pin=DF9-31S-14
Added Net: Name=GND
Added Pin To Net: NetName=NetC9_1 Pin=C9-1
Added Net: Name=NetC9_1
Added Pin To Net: NetName=NetC10_1 Pin=C10-1
Added Pin To Net: NetName=NetC10_1 Pin=R93-2
Added Net: Name=NetC10_1
Added Pin To Net: NetName=NetCB_1 Pin=CB-1
Added Pin To Net: NetName=NetCB_1 Pin=DCDC-6
Added Net: Name=NetCB_1
Added Pin To Net: NetName=NetCB_2 Pin=CB-2
Added Pin To Net: NetName=NetCB_2 Pin=DCDC-2
Added Pin To Net: NetName=NetCB_2 Pin=L1-1
Added Net: Name=NetCB_2
Added Pin To Net: NetName=NetCE1_1 Pin=CE1-1
Added Pin To Net: NetName=NetCE1_1 Pin=CE2-1
Added Pin To Net: NetName=NetCE1_1 Pin=DF9-17S-6
Added Pin To Net: NetName=NetCE1_1 Pin=SISO_CTRL-1
Added Pin To Net: NetName=NetCE1_1 Pin=SISO_UART-1
Added Net: Name=NetCE1_1
Added Pin To Net: NetName=NetCF_2 Pin=CF-2
Added Pin To Net: NetName=NetCF_2 Pin=DCDC-4
Added Pin To Net: NetName=NetCF_2 Pin=RD1-2
Added Pin To Net: NetName=NetCF_2 Pin=RD2-1
Added Net: Name=NetCF_2
Added Pin To Net: NetName=NetCO1_1 Pin=CO1-1
Added Pin To Net: NetName=NetCO1_1 Pin=Q1-3
Added Net: Name=NetCO1_1
Added Pin To Net: NetName=NetCO2_1 Pin=CO2-1
Added Pin To Net: NetName=NetCO2_1 Pin=Q1-1
Added Net: Name=NetCO2_1
Added Net: Name=NetCOM_2
Added Pin To Net: NetName=NetCOM_4 Pin=DF9-17S-4
Added Pin To Net: NetName=NetCOM_4 Pin=SISO_UART-3
Added Net: Name=NetCOM_4
Added Pin To Net: NetName=NetCOM_5 Pin=DF9-17S-2
Added Pin To Net: NetName=NetCOM_5 Pin=SISO_UART-2
Added Net: Name=NetCOM_5
Added Net: Name=NetCOM_6
Added Pin To Net: NetName=NetCOM_7 Pin=DF9-17S-12
Added Pin To Net: NetName=NetCOM_7 Pin=SISO_CTRL-2
Added Net: Name=NetCOM_7
Added Pin To Net: NetName=NetCOM_8 Pin=DF9-17S-10
Added Pin To Net: NetName=NetCOM_8 Pin=R81B-1
Added Pin To Net: NetName=NetCOM_8 Pin=SISO_CTRL-3
Added Net: Name=NetCOM_8
Added Pin To Net: NetName=NetCV_1 Pin=CV-1
Added Pin To Net: NetName=NetCV_1 Pin=DV-1
Added Pin To Net: NetName=NetCV_1 Pin=RV1-2
Added Pin To Net: NetName=NetCV_1 Pin=RV2-1
Added Net: Name=NetCV_1
Added Pin To Net: NetName=NetDCDC_5 Pin=DCDC-5
Added Net: Name=NetDCDC_5
Added Pin To Net: NetName=NetDF9-17S_3 Pin=DF9-17S-3
Added Pin To Net: NetName=NetDF9-17S_3 Pin=R90-2
Added Net: Name=NetDF9-17S_3
Added Pin To Net: NetName=NetDF9-17S_7 Pin=DF9-17S-7
Added Pin To Net: NetName=NetDF9-17S_7 Pin=R91-2
Added Net: Name=NetDF9-17S_7
Added Pin To Net: NetName=NetDF9-17S_9 Pin=DF9-17S-9
Added Pin To Net: NetName=NetDF9-17S_9 Pin=R93-1
Added Net: Name=NetDF9-17S_9
Added Pin To Net: NetName=NetDF9-17S_11 Pin=DF9-17S-11
Added Pin To Net: NetName=NetDF9-17S_11 Pin=R92-1
Added Net: Name=NetDF9-17S_11
Added Pin To Net: NetName=NetDF9-17S_13 Pin=DF9-17S-13
Added Pin To Net: NetName=NetDF9-17S_13 Pin=R1-2
Added Net: Name=NetDF9-17S_13
Added Pin To Net: NetName=NetDF9-17S_14 Pin=DF9-17S-14
Added Pin To Net: NetName=NetDF9-17S_14 Pin=R5-2
Added Net: Name=NetDF9-17S_14
Added Pin To Net: NetName=NetDF9-17S_15 Pin=DF9-17S-15
Added Pin To Net: NetName=NetDF9-17S_15 Pin=R2-2
Added Net: Name=NetDF9-17S_15
Added Pin To Net: NetName=NetDF9-17S_16 Pin=DF9-17S-16
Added Pin To Net: NetName=NetDF9-17S_16 Pin=R4-2
Added Net: Name=NetDF9-17S_16
Added Pin To Net: NetName=NetDF9-17S_17 Pin=DF9-17S-17
Added Pin To Net: NetName=NetDF9-17S_17 Pin=R3-2
Added Net: Name=NetDF9-17S_17
Added Pin To Net: NetName=NetDF9-31P_1 Pin=DF9-31P-1
Added Pin To Net: NetName=NetDF9-31P_1 Pin=DF9-31S-31
Added Net: Name=NetDF9-31P_1
Added Pin To Net: NetName=NetDF9-31P_2 Pin=DF9-31P-2
Added Pin To Net: NetName=NetDF9-31P_2 Pin=DF9-31S-30
Added Net: Name=NetDF9-31P_2
Added Pin To Net: NetName=NetDF9-31P_3 Pin=DF9-31P-3
Added Pin To Net: NetName=NetDF9-31P_3 Pin=DF9-31S-29
Added Net: Name=NetDF9-31P_3
Added Pin To Net: NetName=NetDF9-31P_5 Pin=DF9-31P-5
Added Pin To Net: NetName=NetDF9-31P_5 Pin=DF9-31S-27
Added Net: Name=NetDF9-31P_5
Added Pin To Net: NetName=NetDF9-31P_6 Pin=DF9-31P-6
Added Pin To Net: NetName=NetDF9-31P_6 Pin=DF9-31S-26
Added Net: Name=NetDF9-31P_6
Added Pin To Net: NetName=NetDF9-31P_7 Pin=DF9-31P-7
Added Pin To Net: NetName=NetDF9-31P_7 Pin=DF9-31S-25
Added Net: Name=NetDF9-31P_7
Added Pin To Net: NetName=NetDF9-31P_8 Pin=DF9-31P-8
Added Pin To Net: NetName=NetDF9-31P_8 Pin=DF9-31S-24
Added Net: Name=NetDF9-31P_8
Added Pin To Net: NetName=NetDF9-31P_9 Pin=DF9-31P-9
Added Pin To Net: NetName=NetDF9-31P_9 Pin=DF9-31S-23
Added Net: Name=NetDF9-31P_9
Added Pin To Net: NetName=NetDF9-31P_10 Pin=DF9-31P-10
Added Pin To Net: NetName=NetDF9-31P_10 Pin=DF9-31S-22
Added Net: Name=NetDF9-31P_10
Added Pin To Net: NetName=NetDF9-31P_11 Pin=DF9-31P-11
Added Pin To Net: NetName=NetDF9-31P_11 Pin=DF9-31S-21
Added Net: Name=NetDF9-31P_11
Added Pin To Net: NetName=NetDF9-31P_12 Pin=DF9-31P-12
Added Pin To Net: NetName=NetDF9-31P_12 Pin=DF9-31S-20
Added Net: Name=NetDF9-31P_12
Added Pin To Net: NetName=NetDF9-31P_13 Pin=DF9-31P-13
Added Pin To Net: NetName=NetDF9-31P_13 Pin=DF9-31S-19
Added Net: Name=NetDF9-31P_13
Added Pin To Net: NetName=NetDF9-31P_14 Pin=DF9-31P-14
Added Pin To Net: NetName=NetDF9-31P_14 Pin=DF9-31S-18
Added Net: Name=NetDF9-31P_14
Added Pin To Net: NetName=NetDF9-31P_15 Pin=DF9-31P-15
Added Pin To Net: NetName=NetDF9-31P_15 Pin=DF9-31S-17
Added Net: Name=NetDF9-31P_15
Added Pin To Net: NetName=NetDF9-31P_21 Pin=DF9-31P-21
Added Pin To Net: NetName=NetDF9-31P_21 Pin=DF9-31S-11
Added Pin To Net: NetName=NetDF9-31P_21 Pin=R10-2
Added Net: Name=NetDF9-31P_21
Added Pin To Net: NetName=NetDF9-31P_22 Pin=DF9-31P-22
Added Pin To Net: NetName=NetDF9-31P_22 Pin=DF9-31S-10
Added Pin To Net: NetName=NetDF9-31P_22 Pin=R12-2
Added Net: Name=NetDF9-31P_22
Added Pin To Net: NetName=NetDF9-31P_23 Pin=DF9-31P-23
Added Pin To Net: NetName=NetDF9-31P_23 Pin=DF9-31S-9
Added Pin To Net: NetName=NetDF9-31P_23 Pin=R11-2
Added Net: Name=NetDF9-31P_23
Added Pin To Net: NetName=NetDF9-31P_24 Pin=DF9-31P-24
Added Pin To Net: NetName=NetDF9-31P_24 Pin=DF9-31S-8
Added Pin To Net: NetName=NetDF9-31P_24 Pin=R62-2
Added Pin To Net: NetName=NetDF9-31P_24 Pin=R63-1
Added Net: Name=NetDF9-31P_24
Added Pin To Net: NetName=NetDF9-31P_25 Pin=DF9-31P-25
Added Pin To Net: NetName=NetDF9-31P_25 Pin=DF9-31S-7
Added Pin To Net: NetName=NetDF9-31P_25 Pin=EEPROM-1
Added Pin To Net: NetName=NetDF9-31P_25 Pin=R60-2
Added Pin To Net: NetName=NetDF9-31P_25 Pin=R61-1
Added Net: Name=NetDF9-31P_25
Added Pin To Net: NetName=NetDF9-31P_26 Pin=DF9-31P-26
Added Pin To Net: NetName=NetDF9-31P_26 Pin=DF9-31S-6
Added Pin To Net: NetName=NetDF9-31P_26 Pin=R54-2
Added Pin To Net: NetName=NetDF9-31P_26 Pin=R55-2
Added Net: Name=NetDF9-31P_26
Added Pin To Net: NetName=NetDF9-31P_27 Pin=DF9-31P-27
Added Pin To Net: NetName=NetDF9-31P_27 Pin=DF9-31S-5
Added Pin To Net: NetName=NetDF9-31P_27 Pin=R52-2
Added Pin To Net: NetName=NetDF9-31P_27 Pin=R53-2
Added Net: Name=NetDF9-31P_27
Added Pin To Net: NetName=NetDF9-31P_29 Pin=DF9-31P-29
Added Pin To Net: NetName=NetDF9-31P_29 Pin=DF9-31S-3
Added Pin To Net: NetName=NetDF9-31P_29 Pin=R56-2
Added Net: Name=NetDF9-31P_29
Added Pin To Net: NetName=NetDF9-31P_30 Pin=DF9-31P-30
Added Pin To Net: NetName=NetDF9-31P_30 Pin=DF9-31S-2
Added Pin To Net: NetName=NetDF9-31P_30 Pin=R57-1
Added Net: Name=NetDF9-31P_30
Added Pin To Net: NetName=NetDF9-31P_31 Pin=DF9-31P-31
Added Pin To Net: NetName=NetDF9-31P_31 Pin=DF9-31S-1
Added Pin To Net: NetName=NetDF9-31P_31 Pin=R58-1
Added Net: Name=NetDF9-31P_31
Added Net: Name=NetDP_A
Added Net: Name=NetH-B1-L_2
Added Pin To Net: NetName=NetLD1_1 Pin=R1-1
Added Net: Name=NetLD1_1
Added Pin To Net: NetName=NetLD2_1 Pin=R2-1
Added Net: Name=NetLD2_1
Added Pin To Net: NetName=NetLD3_1 Pin=R3-1
Added Net: Name=NetLD3_1
Added Pin To Net: NetName=NetLD4_1 Pin=R4-1
Added Net: Name=NetLD4_1
Added Pin To Net: NetName=NetLD5_1 Pin=R5-1
Added Net: Name=NetLD5_1
Added Net: Name=NetLDP_1
Added Net: Name=NetMCU_P$2
Added Net: Name=NetMCU_P$3
Added Net: Name=NetMCU_P$4
Added Pin To Net: NetName=NetMCU_P$14 Pin=R10-1
Added Net: Name=NetMCU_P$14
Added Pin To Net: NetName=NetMCU_P$15 Pin=R11-1
Added Net: Name=NetMCU_P$15
Added Pin To Net: NetName=NetMCU_P$16 Pin=R12-1
Added Net: Name=NetMCU_P$16
Added Net: Name=NetMCU_P$20
Added Net: Name=NetMCU_P$21
Added Net: Name=NetMCU_P$27
Added Pin To Net: NetName=NetMCU_P$29 Pin=R52-1
Added Net: Name=NetMCU_P$29
Added Pin To Net: NetName=NetMCU_P$33 Pin=R54-1
Added Net: Name=NetMCU_P$33
Added Pin To Net: NetName=NetMCU_P$34 Pin=R56-1
Added Net: Name=NetMCU_P$34
Added Pin To Net: NetName=NetMCU_P$35 Pin=R58-2
Added Pin To Net: NetName=NetMCU_P$35 Pin=R59-2
Added Net: Name=NetMCU_P$35
Added Pin To Net: NetName=NetMCU_P$36 Pin=R57-2
Added Net: Name=NetMCU_P$36
Added Pin To Net: NetName=NetMCU_P$41 Pin=R80-2
Added Net: Name=NetMCU_P$41
Added Pin To Net: NetName=NetMCU_P$42 Pin=R70-1
Added Net: Name=NetMCU_P$42
Added Pin To Net: NetName=NetMCU_P$43 Pin=R71-1
Added Net: Name=NetMCU_P$43
Added Pin To Net: NetName=NetMCU_P$46 Pin=R91-1
Added Net: Name=NetMCU_P$46
Added Pin To Net: NetName=NetMCU_P$49 Pin=R90-1
Added Net: Name=NetMCU_P$49
Added Pin To Net: NetName=NetMCU_P$52 Pin=R82-2
Added Net: Name=NetMCU_P$52
Added Pin To Net: NetName=NetMCU_P$55 Pin=R92-2
Added Net: Name=NetMCU_P$55
Added Net: Name=NetMCU_P$57
Added Pin To Net: NetName=NetMCU_P$58 Pin=R60-1
Added Net: Name=NetMCU_P$58
Added Pin To Net: NetName=NetMCU_P$59 Pin=R62-1
Added Net: Name=NetMCU_P$59
Added Pin To Net: NetName=NetMCU_P$60 Pin=RB0-2
Added Net: Name=NetMCU_P$60
Added Net: Name=NetMCU_P$61
Added Pin To Net: NetName=NetMCU_P$62 Pin=R50-1
Added Net: Name=NetMCU_P$62
Added Pin To Net: NetName=NetR70_2 Pin=R70-2
Added Pin To Net: NetName=NetR70_2 Pin=SISO_UART-7
Added Net: Name=NetR70_2
Added Pin To Net: NetName=NetR71_2 Pin=R71-2
Added Pin To Net: NetName=NetR71_2 Pin=SISO_UART-6
Added Net: Name=NetR71_2
Added Pin To Net: NetName=NetR80_1 Pin=R80-1
Added Pin To Net: NetName=NetR80_1 Pin=R81A-2
Added Pin To Net: NetName=NetR80_1 Pin=SISO_CTRL-6
Added Net: Name=NetR80_1
Added Pin To Net: NetName=NetR82_1 Pin=R82-1
Added Pin To Net: NetName=NetR82_1 Pin=SISO_CTRL-7
Added Net: Name=NetR82_1
Added Net: Name=NetR?_1
Added Net: Name=NetR?_2
Add Class Member: Failed to add class member : Component AHOI.MB v7.0
Added Member To Class: ClassName=mainboard Member=Component C1 100n
Added Member To Class: ClassName=mainboard Member=Component C2 100n
Added Member To Class: ClassName=mainboard Member=Component C3 100n
Added Member To Class: ClassName=mainboard Member=Component C4 100n
Added Member To Class: ClassName=mainboard Member=Component C5 100n
Added Member To Class: ClassName=mainboard Member=Component C6 4u7 (3V3)
Added Member To Class: ClassName=mainboard Member=Component C7 1u (3V3)
Added Member To Class: ClassName=mainboard Member=Component C8 100n
Added Member To Class: ClassName=mainboard Member=Component C9 4u7 (3V3)
Added Member To Class: ClassName=mainboard Member=Component C10 100n
Added Member To Class: ClassName=mainboard Member=Component C11 100n
Added Member To Class: ClassName=mainboard Member=Component C12 100n
Added Member To Class: ClassName=mainboard Member=Component C13 100n
Added Member To Class: ClassName=mainboard Member=Component CB 100n
Added Member To Class: ClassName=mainboard Member=Component CE1 100n
Added Member To Class: ClassName=mainboard Member=Component CE2 100n
Added Member To Class: ClassName=mainboard Member=Component CF 56p
Added Member To Class: ClassName=mainboard Member=Component CIN1 10u (16V)
Added Member To Class: ClassName=mainboard Member=Component CIN2 100n
Added Member To Class: ClassName=mainboard Member=Component CO1 10p
Added Member To Class: ClassName=mainboard Member=Component CO2 10p
Add Class Member: Failed to add class member : Component COM PINHD-1X8
Added Member To Class: ClassName=mainboard Member=Component CP1 22u (3V3)
Added Member To Class: ClassName=mainboard Member=Component CP2 22u (3V3)
Added Member To Class: ClassName=mainboard Member=Component CV 10nF
Added Member To Class: ClassName=mainboard Member=Component DCDC TPS54202
Added Member To Class: ClassName=mainboard Member=Component DF9-17S
Added Member To Class: ClassName=mainboard Member=Component DF9-31P DF9-31S
Added Member To Class: ClassName=mainboard Member=Component DF9-31S
Added Member To Class: ClassName=mainboard Member=Component DP low Vf Schottky
Added Member To Class: ClassName=mainboard Member=Component DV ( MM3Z3V3T1G )
Added Member To Class: ClassName=mainboard Member=Component EEPROM 24AA025UID
Add Class Member: Failed to add class member : Component H-B1-L 0
Added Member To Class: ClassName=mainboard Member=Component L1 10u
Added Member To Class: ClassName=mainboard Member=Component LD1 GREEN
Added Member To Class: ClassName=mainboard Member=Component LD2 WHITE
Added Member To Class: ClassName=mainboard Member=Component LD3 YELLOW
Added Member To Class: ClassName=mainboard Member=Component LD4 RED
Added Member To Class: ClassName=mainboard Member=Component LD5 ORANGE
Added Member To Class: ClassName=mainboard Member=Component LDP BLUE
Added Member To Class: ClassName=mainboard Member=Component MCU STM32F446RE_LQFP64
Add Class Member: Failed to add class member : Component PE TPSQTP06SQ
Add Class Member: Failed to add class member : Component PRG TL3780
Add Class Member: Failed to add class member : Component PWR PINHD-1X2
Added Member To Class: ClassName=mainboard Member=Component Q1 TSX-3225
Added Member To Class: ClassName=mainboard Member=Component R1 15k
Added Member To Class: ClassName=mainboard Member=Component R2 3k3
Added Member To Class: ClassName=mainboard Member=Component R3 1k8
Added Member To Class: ClassName=mainboard Member=Component R4 1k8
Added Member To Class: ClassName=mainboard Member=Component R5 1k8
Added Member To Class: ClassName=mainboard Member=Component R10 1k
Added Member To Class: ClassName=mainboard Member=Component R11 1k
Added Member To Class: ClassName=mainboard Member=Component R12 1k
Added Member To Class: ClassName=mainboard Member=Component R50 1k
Added Member To Class: ClassName=mainboard Member=Component R51 100k
Added Member To Class: ClassName=mainboard Member=Component R52 1k
Added Member To Class: ClassName=mainboard Member=Component R53 100k
Added Member To Class: ClassName=mainboard Member=Component R54 ( 1k )
Added Member To Class: ClassName=mainboard Member=Component R55 ( 100k )
Added Member To Class: ClassName=mainboard Member=Component R56 470
Added Member To Class: ClassName=mainboard Member=Component R57 470
Added Member To Class: ClassName=mainboard Member=Component R58 470
Added Member To Class: ClassName=mainboard Member=Component R59 100k
Added Member To Class: ClassName=mainboard Member=Component R60 330
Added Member To Class: ClassName=mainboard Member=Component R61 4k7
Added Member To Class: ClassName=mainboard Member=Component R62 330
Added Member To Class: ClassName=mainboard Member=Component R63 4k7
Added Member To Class: ClassName=mainboard Member=Component R70 470
Added Member To Class: ClassName=mainboard Member=Component R71 470
Added Member To Class: ClassName=mainboard Member=Component R80 1k
Added Member To Class: ClassName=mainboard Member=Component R81A ( 100k )
Added Member To Class: ClassName=mainboard Member=Component R81B ( 100k )
Added Member To Class: ClassName=mainboard Member=Component R82 1k
Added Member To Class: ClassName=mainboard Member=Component R90 1k
Added Member To Class: ClassName=mainboard Member=Component R91 1k
Added Member To Class: ClassName=mainboard Member=Component R92 1k
Added Member To Class: ClassName=mainboard Member=Component R93 1k
Add Class Member: Failed to add class member : Component R? 0 (0R0) 1%
Add Class Member: Failed to add class member : Component R? 0 (0R0) 1%
Add Class Member: Failed to add class member : Component R? 0 (0R0) 1%
Add Class Member: Failed to add class member : Component R? 0 (0R0) 1%
Add Class Member: Failed to add class member : Component R? 0 (0R0) 1%
Add Class Member: Failed to add class member : Component R? 0 (0R0) 1%
Added Member To Class: ClassName=mainboard Member=Component RB0 10k
Added Member To Class: ClassName=mainboard Member=Component RD1 22k
Added Member To Class: ClassName=mainboard Member=Component RD2 100k
Added Member To Class: ClassName=mainboard Member=Component RISO 10M
Add Class Member: Failed to add class member : Component RP 33k
Added Member To Class: ClassName=mainboard Member=Component RV1 22k
Added Member To Class: ClassName=mainboard Member=Component RV2 100k
Added Member To Class: ClassName=mainboard Member=Component SISO_CTRL ISO7021F
Added Member To Class: ClassName=mainboard Member=Component SISO_UART ISO7021
Add Class Member: Failed to add class member : Component U$1 NR_FIELD
Add Class Member: Failed to add class member : Component U$2 GND_MERGE
