Add Component: Footprint Not Found AHOI_LOGO_8MMHEIGHT
Added Component: Designator=C1(0603)
Add component (AddParameter): Name = "DeviceName"; Value = "C0603"; VariantName = "[No Variations]"
Add component (AddParameter): Name = "DeviceSetName"; Value = "C"; VariantName = "[No Variations]"
Add component (AddParameter): Name = "GateName_1"; Value = "G$1"; VariantName = "[No Variations]"
Add component (AddParameter): Name = "LibraryName"; Value = "myrcl"; VariantName = "[No Variations]"
Add component (AddParameter): Name = "SpiceOrder1"; Value = "SpiceOrder 1"; VariantName = "[No Variations]"
Add component (AddParameter): Name = "SpiceOrder2"; Value = "SpiceOrder 2"; VariantName = "[No Variations]"
Add component (AddParameter): Name = "SymbolName_1"; Value = "C"; VariantName = "[No Variations]"
Added Component: Designator=C2(0603)
Add component (AddParameter): Name = "DeviceName"; Value = "C0603"; VariantName = "[No Variations]"
Add component (AddParameter): Name = "DeviceSetName"; Value = "C"; VariantName = "[No Variations]"
Add component (AddParameter): Name = "GateName_1"; Value = "G$1"; VariantName = "[No Variations]"
Add component (AddParameter): Name = "LibraryName"; Value = "myrcl"; VariantName = "[No Variations]"
Add component (AddParameter): Name = "SpiceOrder1"; Value = "SpiceOrder 1"; VariantName = "[No Variations]"
Add component (AddParameter): Name = "SpiceOrder2"; Value = "SpiceOrder 2"; VariantName = "[No Variations]"
Add component (AddParameter): Name = "SymbolName_1"; Value = "C"; VariantName = "[No Variations]"
Added Component: Designator=C3(0603)
Add component (AddParameter): Name = "DeviceName"; Value = "C0603"; VariantName = "[No Variations]"
Add component (AddParameter): Name = "DeviceSetName"; Value = "C"; VariantName = "[No Variations]"
Add component (AddParameter): Name = "GateName_1"; Value = "G$1"; VariantName = "[No Variations]"
Add component (AddParameter): Name = "LibraryName"; Value = "myrcl"; VariantName = "[No Variations]"
Add component (AddParameter): Name = "SpiceOrder1"; Value = "SpiceOrder 1"; VariantName = "[No Variations]"
Add component (AddParameter): Name = "SpiceOrder2"; Value = "SpiceOrder 2"; VariantName = "[No Variations]"
Add component (AddParameter): Name = "SymbolName_1"; Value = "C"; VariantName = "[No Variations]"
Added Component: Designator=C4(0603)
Add component (AddParameter): Name = "DeviceName"; Value = "C0603"; VariantName = "[No Variations]"
Add component (AddParameter): Name = "DeviceSetName"; Value = "C"; VariantName = "[No Variations]"
Add component (AddParameter): Name = "GateName_1"; Value = "G$1"; VariantName = "[No Variations]"
Add component (AddParameter): Name = "LibraryName"; Value = "myrcl"; VariantName = "[No Variations]"
Add component (AddParameter): Name = "SpiceOrder1"; Value = "SpiceOrder 1"; VariantName = "[No Variations]"
Add component (AddParameter): Name = "SpiceOrder2"; Value = "SpiceOrder 2"; VariantName = "[No Variations]"
Add component (AddParameter): Name = "SymbolName_1"; Value = "C"; VariantName = "[No Variations]"
Added Component: Designator=C5(0603)
Add component (AddParameter): Name = "DeviceName"; Value = "C0603"; VariantName = "[No Variations]"
Add component (AddParameter): Name = "DeviceSetName"; Value = "C"; VariantName = "[No Variations]"
Add component (AddParameter): Name = "GateName_1"; Value = "G$1"; VariantName = "[No Variations]"
Add component (AddParameter): Name = "LibraryName"; Value = "myrcl"; VariantName = "[No Variations]"
Add component (AddParameter): Name = "SpiceOrder1"; Value = "SpiceOrder 1"; VariantName = "[No Variations]"
Add component (AddParameter): Name = "SpiceOrder2"; Value = "SpiceOrder 2"; VariantName = "[No Variations]"
Add component (AddParameter): Name = "SymbolName_1"; Value = "C"; VariantName = "[No Variations]"
Added Component: Designator=C6(0805)
Add component (AddParameter): Name = "DeviceName"; Value = "C0805"; VariantName = "[No Variations]"
Add component (AddParameter): Name = "DeviceSetName"; Value = "C"; VariantName = "[No Variations]"
Add component (AddParameter): Name = "GateName_1"; Value = "G$1"; VariantName = "[No Variations]"
Add component (AddParameter): Name = "LibraryName"; Value = "myrcl"; VariantName = "[No Variations]"
Add component (AddParameter): Name = "SpiceOrder1"; Value = "SpiceOrder 1"; VariantName = "[No Variations]"
Add component (AddParameter): Name = "SpiceOrder2"; Value = "SpiceOrder 2"; VariantName = "[No Variations]"
Add component (AddParameter): Name = "SymbolName_1"; Value = "C"; VariantName = "[No Variations]"
Added Component: Designator=C7(0805)
Add component (AddParameter): Name = "DeviceName"; Value = "C0805"; VariantName = "[No Variations]"
Add component (AddParameter): Name = "DeviceSetName"; Value = "C"; VariantName = "[No Variations]"
Add component (AddParameter): Name = "GateName_1"; Value = "G$1"; VariantName = "[No Variations]"
Add component (AddParameter): Name = "LibraryName"; Value = "myrcl"; VariantName = "[No Variations]"
Add component (AddParameter): Name = "SpiceOrder1"; Value = "SpiceOrder 1"; VariantName = "[No Variations]"
Add component (AddParameter): Name = "SpiceOrder2"; Value = "SpiceOrder 2"; VariantName = "[No Variations]"
Add component (AddParameter): Name = "SymbolName_1"; Value = "C"; VariantName = "[No Variations]"
Added Component: Designator=C8(0603)
Add component (AddParameter): Name = "DeviceName"; Value = "C0603"; VariantName = "[No Variations]"
Add component (AddParameter): Name = "DeviceSetName"; Value = "C"; VariantName = "[No Variations]"
Add component (AddParameter): Name = "GateName_1"; Value = "G$1"; VariantName = "[No Variations]"
Add component (AddParameter): Name = "LibraryName"; Value = "myrcl"; VariantName = "[No Variations]"
Add component (AddParameter): Name = "SpiceOrder1"; Value = "SpiceOrder 1"; VariantName = "[No Variations]"
Add component (AddParameter): Name = "SpiceOrder2"; Value = "SpiceOrder 2"; VariantName = "[No Variations]"
Add component (AddParameter): Name = "SymbolName_1"; Value = "C"; VariantName = "[No Variations]"
Added Component: Designator=C9(0805)
Add component (AddParameter): Name = "DeviceName"; Value = "C0805"; VariantName = "[No Variations]"
Add component (AddParameter): Name = "DeviceSetName"; Value = "C"; VariantName = "[No Variations]"
Add component (AddParameter): Name = "GateName_1"; Value = "G$1"; VariantName = "[No Variations]"
Add component (AddParameter): Name = "LibraryName"; Value = "myrcl"; VariantName = "[No Variations]"
Add component (AddParameter): Name = "SpiceOrder1"; Value = "SpiceOrder 1"; VariantName = "[No Variations]"
Add component (AddParameter): Name = "SpiceOrder2"; Value = "SpiceOrder 2"; VariantName = "[No Variations]"
Add component (AddParameter): Name = "SymbolName_1"; Value = "C"; VariantName = "[No Variations]"
Added Component: Designator=C10(0603)
Add component (AddParameter): Name = "DeviceName"; Value = "C0603"; VariantName = "[No Variations]"
Add component (AddParameter): Name = "DeviceSetName"; Value = "C"; VariantName = "[No Variations]"
Add component (AddParameter): Name = "GateName_1"; Value = "G$1"; VariantName = "[No Variations]"
Add component (AddParameter): Name = "LibraryName"; Value = "myrcl"; VariantName = "[No Variations]"
Add component (AddParameter): Name = "SpiceOrder1"; Value = "SpiceOrder 1"; VariantName = "[No Variations]"
Add component (AddParameter): Name = "SpiceOrder2"; Value = "SpiceOrder 2"; VariantName = "[No Variations]"
Add component (AddParameter): Name = "SymbolName_1"; Value = "C"; VariantName = "[No Variations]"
Added Component: Designator=C11(0603)
Add component (AddParameter): Name = "DeviceName"; Value = "C0603"; VariantName = "[No Variations]"
Add component (AddParameter): Name = "DeviceSetName"; Value = "C"; VariantName = "[No Variations]"
Add component (AddParameter): Name = "GateName_1"; Value = "G$1"; VariantName = "[No Variations]"
Add component (AddParameter): Name = "LibraryName"; Value = "myrcl"; VariantName = "[No Variations]"
Add component (AddParameter): Name = "SpiceOrder1"; Value = "SpiceOrder 1"; VariantName = "[No Variations]"
Add component (AddParameter): Name = "SpiceOrder2"; Value = "SpiceOrder 2"; VariantName = "[No Variations]"
Add component (AddParameter): Name = "SymbolName_1"; Value = "C"; VariantName = "[No Variations]"
Added Component: Designator=C12(0603)
Add component (AddParameter): Name = "DeviceName"; Value = "C0603"; VariantName = "[No Variations]"
Add component (AddParameter): Name = "DeviceSetName"; Value = "C"; VariantName = "[No Variations]"
Add component (AddParameter): Name = "GateName_1"; Value = "G$1"; VariantName = "[No Variations]"
Add component (AddParameter): Name = "LibraryName"; Value = "myrcl"; VariantName = "[No Variations]"
Add component (AddParameter): Name = "SpiceOrder1"; Value = "SpiceOrder 1"; VariantName = "[No Variations]"
Add component (AddParameter): Name = "SpiceOrder2"; Value = "SpiceOrder 2"; VariantName = "[No Variations]"
Add component (AddParameter): Name = "SymbolName_1"; Value = "C"; VariantName = "[No Variations]"
Added Component: Designator=C13(0603)
Add component (AddParameter): Name = "DeviceName"; Value = "C0603"; VariantName = "[No Variations]"
Add component (AddParameter): Name = "DeviceSetName"; Value = "C"; VariantName = "[No Variations]"
Add component (AddParameter): Name = "GateName_1"; Value = "G$1"; VariantName = "[No Variations]"
Add component (AddParameter): Name = "LibraryName"; Value = "myrcl"; VariantName = "[No Variations]"
Add component (AddParameter): Name = "SpiceOrder1"; Value = "SpiceOrder 1"; VariantName = "[No Variations]"
Add component (AddParameter): Name = "SpiceOrder2"; Value = "SpiceOrder 2"; VariantName = "[No Variations]"
Add component (AddParameter): Name = "SymbolName_1"; Value = "C"; VariantName = "[No Variations]"
Added Component: Designator=CB(0603)
Add component (AddParameter): Name = "DeviceName"; Value = "C0603"; VariantName = "[No Variations]"
Add component (AddParameter): Name = "DeviceSetName"; Value = "C"; VariantName = "[No Variations]"
Add component (AddParameter): Name = "GateName_1"; Value = "G$1"; VariantName = "[No Variations]"
Add component (AddParameter): Name = "LibraryName"; Value = "myrcl"; VariantName = "[No Variations]"
Add component (AddParameter): Name = "SpiceOrder1"; Value = "SpiceOrder 1"; VariantName = "[No Variations]"
Add component (AddParameter): Name = "SpiceOrder2"; Value = "SpiceOrder 2"; VariantName = "[No Variations]"
Add component (AddParameter): Name = "SymbolName_1"; Value = "C"; VariantName = "[No Variations]"
Added Component: Designator=CE1(0603)
Add component (AddParameter): Name = "DeviceName"; Value = "C0603"; VariantName = "[No Variations]"
Add component (AddParameter): Name = "DeviceSetName"; Value = "C"; VariantName = "[No Variations]"
Add component (AddParameter): Name = "GateName_1"; Value = "G$1"; VariantName = "[No Variations]"
Add component (AddParameter): Name = "LibraryName"; Value = "myrcl"; VariantName = "[No Variations]"
Add component (AddParameter): Name = "SpiceOrder1"; Value = "SpiceOrder 1"; VariantName = "[No Variations]"
Add component (AddParameter): Name = "SpiceOrder2"; Value = "SpiceOrder 2"; VariantName = "[No Variations]"
Add component (AddParameter): Name = "SymbolName_1"; Value = "C"; VariantName = "[No Variations]"
Added Component: Designator=CE2(0603)
Add component (AddParameter): Name = "DeviceName"; Value = "C0603"; VariantName = "[No Variations]"
Add component (AddParameter): Name = "DeviceSetName"; Value = "C"; VariantName = "[No Variations]"
Add component (AddParameter): Name = "GateName_1"; Value = "G$1"; VariantName = "[No Variations]"
Add component (AddParameter): Name = "LibraryName"; Value = "myrcl"; VariantName = "[No Variations]"
Add component (AddParameter): Name = "SpiceOrder1"; Value = "SpiceOrder 1"; VariantName = "[No Variations]"
Add component (AddParameter): Name = "SpiceOrder2"; Value = "SpiceOrder 2"; VariantName = "[No Variations]"
Add component (AddParameter): Name = "SymbolName_1"; Value = "C"; VariantName = "[No Variations]"
Added Component: Designator=CF(0603)
Add component (AddParameter): Name = "DeviceName"; Value = "C0603"; VariantName = "[No Variations]"
Add component (AddParameter): Name = "DeviceSetName"; Value = "C"; VariantName = "[No Variations]"
Add component (AddParameter): Name = "GateName_1"; Value = "G$1"; VariantName = "[No Variations]"
Add component (AddParameter): Name = "LibraryName"; Value = "myrcl"; VariantName = "[No Variations]"
Add component (AddParameter): Name = "SpiceOrder1"; Value = "SpiceOrder 1"; VariantName = "[No Variations]"
Add component (AddParameter): Name = "SpiceOrder2"; Value = "SpiceOrder 2"; VariantName = "[No Variations]"
Add component (AddParameter): Name = "SymbolName_1"; Value = "C"; VariantName = "[No Variations]"
Added Component: Designator=CIN1(0805)
Add component (AddParameter): Name = "DeviceName"; Value = "C0805"; VariantName = "[No Variations]"
Add component (AddParameter): Name = "DeviceSetName"; Value = "C"; VariantName = "[No Variations]"
Add component (AddParameter): Name = "GateName_1"; Value = "G$1"; VariantName = "[No Variations]"
Add component (AddParameter): Name = "LibraryName"; Value = "myrcl"; VariantName = "[No Variations]"
Add component (AddParameter): Name = "SpiceOrder1"; Value = "SpiceOrder 1"; VariantName = "[No Variations]"
Add component (AddParameter): Name = "SpiceOrder2"; Value = "SpiceOrder 2"; VariantName = "[No Variations]"
Add component (AddParameter): Name = "SymbolName_1"; Value = "C"; VariantName = "[No Variations]"
Added Component: Designator=CIN2(0603)
Add component (AddParameter): Name = "DeviceName"; Value = "C0603"; VariantName = "[No Variations]"
Add component (AddParameter): Name = "DeviceSetName"; Value = "C"; VariantName = "[No Variations]"
Add component (AddParameter): Name = "GateName_1"; Value = "G$1"; VariantName = "[No Variations]"
Add component (AddParameter): Name = "LibraryName"; Value = "myrcl"; VariantName = "[No Variations]"
Add component (AddParameter): Name = "SpiceOrder1"; Value = "SpiceOrder 1"; VariantName = "[No Variations]"
Add component (AddParameter): Name = "SpiceOrder2"; Value = "SpiceOrder 2"; VariantName = "[No Variations]"
Add component (AddParameter): Name = "SymbolName_1"; Value = "C"; VariantName = "[No Variations]"
Added Component: Designator=CO1(0603)
Add component (AddParameter): Name = "DeviceName"; Value = "C0603"; VariantName = "[No Variations]"
Add component (AddParameter): Name = "DeviceSetName"; Value = "C"; VariantName = "[No Variations]"
Add component (AddParameter): Name = "GateName_1"; Value = "G$1"; VariantName = "[No Variations]"
Add component (AddParameter): Name = "LibraryName"; Value = "myrcl"; VariantName = "[No Variations]"
Add component (AddParameter): Name = "SpiceOrder1"; Value = "SpiceOrder 1"; VariantName = "[No Variations]"
Add component (AddParameter): Name = "SpiceOrder2"; Value = "SpiceOrder 2"; VariantName = "[No Variations]"
Add component (AddParameter): Name = "SymbolName_1"; Value = "C"; VariantName = "[No Variations]"
Added Component: Designator=CO2(0603)
Add component (AddParameter): Name = "DeviceName"; Value = "C0603"; VariantName = "[No Variations]"
Add component (AddParameter): Name = "DeviceSetName"; Value = "C"; VariantName = "[No Variations]"
Add component (AddParameter): Name = "GateName_1"; Value = "G$1"; VariantName = "[No Variations]"
Add component (AddParameter): Name = "LibraryName"; Value = "myrcl"; VariantName = "[No Variations]"
Add component (AddParameter): Name = "SpiceOrder1"; Value = "SpiceOrder 1"; VariantName = "[No Variations]"
Add component (AddParameter): Name = "SpiceOrder2"; Value = "SpiceOrder 2"; VariantName = "[No Variations]"
Add component (AddParameter): Name = "SymbolName_1"; Value = "C"; VariantName = "[No Variations]"
Add Component: Footprint Not Found 1X08
Added Component: Designator=CP1(0805)
Add component (AddParameter): Name = "DeviceName"; Value = "C0805"; VariantName = "[No Variations]"
Add component (AddParameter): Name = "DeviceSetName"; Value = "C"; VariantName = "[No Variations]"
Add component (AddParameter): Name = "GateName_1"; Value = "G$1"; VariantName = "[No Variations]"
Add component (AddParameter): Name = "LibraryName"; Value = "myrcl"; VariantName = "[No Variations]"
Add component (AddParameter): Name = "SpiceOrder1"; Value = "SpiceOrder 1"; VariantName = "[No Variations]"
Add component (AddParameter): Name = "SpiceOrder2"; Value = "SpiceOrder 2"; VariantName = "[No Variations]"
Add component (AddParameter): Name = "SymbolName_1"; Value = "C"; VariantName = "[No Variations]"
Added Component: Designator=CP2(0805)
Add component (AddParameter): Name = "DeviceName"; Value = "C0805"; VariantName = "[No Variations]"
Add component (AddParameter): Name = "DeviceSetName"; Value = "C"; VariantName = "[No Variations]"
Add component (AddParameter): Name = "GateName_1"; Value = "G$1"; VariantName = "[No Variations]"
Add component (AddParameter): Name = "LibraryName"; Value = "myrcl"; VariantName = "[No Variations]"
Add component (AddParameter): Name = "SpiceOrder1"; Value = "SpiceOrder 1"; VariantName = "[No Variations]"
Add component (AddParameter): Name = "SpiceOrder2"; Value = "SpiceOrder 2"; VariantName = "[No Variations]"
Add component (AddParameter): Name = "SymbolName_1"; Value = "C"; VariantName = "[No Variations]"
Added Component: Designator=CV(0603)
Add component (AddParameter): Name = "DeviceName"; Value = "C0603"; VariantName = "[No Variations]"
Add component (AddParameter): Name = "DeviceSetName"; Value = "C"; VariantName = "[No Variations]"
Add component (AddParameter): Name = "GateName_1"; Value = "G$1"; VariantName = "[No Variations]"
Add component (AddParameter): Name = "LibraryName"; Value = "myrcl"; VariantName = "[No Variations]"
Add component (AddParameter): Name = "SpiceOrder1"; Value = "SpiceOrder 1"; VariantName = "[No Variations]"
Add component (AddParameter): Name = "SpiceOrder2"; Value = "SpiceOrder 2"; VariantName = "[No Variations]"
Add component (AddParameter): Name = "SymbolName_1"; Value = "C"; VariantName = "[No Variations]"
Add Component: Footprint Not Found SOT-23-THIN
Add Component: Footprint Not Found DF9-17S
Add Component: Footprint Not Found DF9-31S
Add Component: Footprint Not Found DF9-31S
Add Component: Footprint Not Found DO-214AC
Add Component: Footprint Not Found SOD323
Add Component: Footprint Not Found SOT23-6
Add Component: Footprint Not Found JMP_OR_0603
Add Component: Footprint Not Found VLCF5028-2
Add Component: Footprint Not Found LED0603
Add Component: Footprint Not Found LED0603
Add Component: Footprint Not Found LED0603
Add Component: Footprint Not Found LED0603
Add Component: Footprint Not Found LED0603
Add Component: Footprint Not Found LED0603
Add Component: Footprint Not Found LQFP64
Add Component: Footprint Not Found TP06SQ
Add Component: Footprint Not Found TL3780
Add Component: Footprint Not Found 1X02
Added Component: Designator=Q1(SMD-3225_4P)
Add component (AddParameter): Name = "1"; Value = "1"; VariantName = "[No Variations]"
Add component (AddParameter): Name = "2"; Value = "2"; VariantName = "[No Variations]"
Add component (AddParameter): Name = "DeviceName"; Value = "-7"; VariantName = "[No Variations]"
Add component (AddParameter): Name = "DeviceSetName"; Value = "KX"; VariantName = "[No Variations]"
Add component (AddParameter): Name = "GateName_1"; Value = "G$1"; VariantName = "[No Variations]"
Add component (AddParameter): Name = "LibraryName"; Value = "crystal-geyer_V1_0"; VariantName = "[No Variations]"
Add component (AddParameter): Name = "SymbolName_1"; Value = "Q"; VariantName = "[No Variations]"
Added Component: Designator=R1(0603)
Add component (AddParameter): Name = "DeviceName"; Value = "R0603"; VariantName = "[No Variations]"
Add component (AddParameter): Name = "DeviceSetName"; Value = "R"; VariantName = "[No Variations]"
Add component (AddParameter): Name = "GateName_1"; Value = "G$1"; VariantName = "[No Variations]"
Add component (AddParameter): Name = "LibraryName"; Value = "myrcl"; VariantName = "[No Variations]"
Add component (AddParameter): Name = "SpiceOrder1"; Value = "SpiceOrder 1"; VariantName = "[No Variations]"
Add component (AddParameter): Name = "SpiceOrder2"; Value = "SpiceOrder 2"; VariantName = "[No Variations]"
Add component (AddParameter): Name = "SymbolName_1"; Value = "R"; VariantName = "[No Variations]"
Added Component: Designator=R2(0603)
Add component (AddParameter): Name = "DeviceName"; Value = "R0603"; VariantName = "[No Variations]"
Add component (AddParameter): Name = "DeviceSetName"; Value = "R"; VariantName = "[No Variations]"
Add component (AddParameter): Name = "GateName_1"; Value = "G$1"; VariantName = "[No Variations]"
Add component (AddParameter): Name = "LibraryName"; Value = "myrcl"; VariantName = "[No Variations]"
Add component (AddParameter): Name = "SpiceOrder1"; Value = "SpiceOrder 1"; VariantName = "[No Variations]"
Add component (AddParameter): Name = "SpiceOrder2"; Value = "SpiceOrder 2"; VariantName = "[No Variations]"
Add component (AddParameter): Name = "SymbolName_1"; Value = "R"; VariantName = "[No Variations]"
Added Component: Designator=R3(0603)
Add component (AddParameter): Name = "DeviceName"; Value = "R0603"; VariantName = "[No Variations]"
Add component (AddParameter): Name = "DeviceSetName"; Value = "R"; VariantName = "[No Variations]"
Add component (AddParameter): Name = "GateName_1"; Value = "G$1"; VariantName = "[No Variations]"
Add component (AddParameter): Name = "LibraryName"; Value = "myrcl"; VariantName = "[No Variations]"
Add component (AddParameter): Name = "SpiceOrder1"; Value = "SpiceOrder 1"; VariantName = "[No Variations]"
Add component (AddParameter): Name = "SpiceOrder2"; Value = "SpiceOrder 2"; VariantName = "[No Variations]"
Add component (AddParameter): Name = "SymbolName_1"; Value = "R"; VariantName = "[No Variations]"
Added Component: Designator=R4(0603)
Add component (AddParameter): Name = "DeviceName"; Value = "R0603"; VariantName = "[No Variations]"
Add component (AddParameter): Name = "DeviceSetName"; Value = "R"; VariantName = "[No Variations]"
Add component (AddParameter): Name = "GateName_1"; Value = "G$1"; VariantName = "[No Variations]"
Add component (AddParameter): Name = "LibraryName"; Value = "myrcl"; VariantName = "[No Variations]"
Add component (AddParameter): Name = "SpiceOrder1"; Value = "SpiceOrder 1"; VariantName = "[No Variations]"
Add component (AddParameter): Name = "SpiceOrder2"; Value = "SpiceOrder 2"; VariantName = "[No Variations]"
Add component (AddParameter): Name = "SymbolName_1"; Value = "R"; VariantName = "[No Variations]"
Added Component: Designator=R5(0603)
Add component (AddParameter): Name = "DeviceName"; Value = "R0603"; VariantName = "[No Variations]"
Add component (AddParameter): Name = "DeviceSetName"; Value = "R"; VariantName = "[No Variations]"
Add component (AddParameter): Name = "GateName_1"; Value = "G$1"; VariantName = "[No Variations]"
Add component (AddParameter): Name = "LibraryName"; Value = "myrcl"; VariantName = "[No Variations]"
Add component (AddParameter): Name = "SpiceOrder1"; Value = "SpiceOrder 1"; VariantName = "[No Variations]"
Add component (AddParameter): Name = "SpiceOrder2"; Value = "SpiceOrder 2"; VariantName = "[No Variations]"
Add component (AddParameter): Name = "SymbolName_1"; Value = "R"; VariantName = "[No Variations]"
Added Component: Designator=R10(0603)
Add component (AddParameter): Name = "DeviceName"; Value = "R0603"; VariantName = "[No Variations]"
Add component (AddParameter): Name = "DeviceSetName"; Value = "R"; VariantName = "[No Variations]"
Add component (AddParameter): Name = "GateName_1"; Value = "G$1"; VariantName = "[No Variations]"
Add component (AddParameter): Name = "LibraryName"; Value = "myrcl"; VariantName = "[No Variations]"
Add component (AddParameter): Name = "SpiceOrder1"; Value = "SpiceOrder 1"; VariantName = "[No Variations]"
Add component (AddParameter): Name = "SpiceOrder2"; Value = "SpiceOrder 2"; VariantName = "[No Variations]"
Add component (AddParameter): Name = "SymbolName_1"; Value = "R"; VariantName = "[No Variations]"
Added Component: Designator=R11(0603)
Add component (AddParameter): Name = "DeviceName"; Value = "R0603"; VariantName = "[No Variations]"
Add component (AddParameter): Name = "DeviceSetName"; Value = "R"; VariantName = "[No Variations]"
Add component (AddParameter): Name = "GateName_1"; Value = "G$1"; VariantName = "[No Variations]"
Add component (AddParameter): Name = "LibraryName"; Value = "myrcl"; VariantName = "[No Variations]"
Add component (AddParameter): Name = "SpiceOrder1"; Value = "SpiceOrder 1"; VariantName = "[No Variations]"
Add component (AddParameter): Name = "SpiceOrder2"; Value = "SpiceOrder 2"; VariantName = "[No Variations]"
Add component (AddParameter): Name = "SymbolName_1"; Value = "R"; VariantName = "[No Variations]"
Added Component: Designator=R12(0603)
Add component (AddParameter): Name = "DeviceName"; Value = "R0603"; VariantName = "[No Variations]"
Add component (AddParameter): Name = "DeviceSetName"; Value = "R"; VariantName = "[No Variations]"
Add component (AddParameter): Name = "GateName_1"; Value = "G$1"; VariantName = "[No Variations]"
Add component (AddParameter): Name = "LibraryName"; Value = "myrcl"; VariantName = "[No Variations]"
Add component (AddParameter): Name = "SpiceOrder1"; Value = "SpiceOrder 1"; VariantName = "[No Variations]"
Add component (AddParameter): Name = "SpiceOrder2"; Value = "SpiceOrder 2"; VariantName = "[No Variations]"
Add component (AddParameter): Name = "SymbolName_1"; Value = "R"; VariantName = "[No Variations]"
Added Component: Designator=R50(0603)
Add component (AddParameter): Name = "DeviceName"; Value = "R0603"; VariantName = "[No Variations]"
Add component (AddParameter): Name = "DeviceSetName"; Value = "R"; VariantName = "[No Variations]"
Add component (AddParameter): Name = "GateName_1"; Value = "G$1"; VariantName = "[No Variations]"
Add component (AddParameter): Name = "LibraryName"; Value = "myrcl"; VariantName = "[No Variations]"
Add component (AddParameter): Name = "SpiceOrder1"; Value = "SpiceOrder 1"; VariantName = "[No Variations]"
Add component (AddParameter): Name = "SpiceOrder2"; Value = "SpiceOrder 2"; VariantName = "[No Variations]"
Add component (AddParameter): Name = "SymbolName_1"; Value = "R"; VariantName = "[No Variations]"
Added Component: Designator=R51(0603)
Add component (AddParameter): Name = "DeviceName"; Value = "R0603"; VariantName = "[No Variations]"
Add component (AddParameter): Name = "DeviceSetName"; Value = "R"; VariantName = "[No Variations]"
Add component (AddParameter): Name = "GateName_1"; Value = "G$1"; VariantName = "[No Variations]"
Add component (AddParameter): Name = "LibraryName"; Value = "myrcl"; VariantName = "[No Variations]"
Add component (AddParameter): Name = "SpiceOrder1"; Value = "SpiceOrder 1"; VariantName = "[No Variations]"
Add component (AddParameter): Name = "SpiceOrder2"; Value = "SpiceOrder 2"; VariantName = "[No Variations]"
Add component (AddParameter): Name = "SymbolName_1"; Value = "R"; VariantName = "[No Variations]"
Added Component: Designator=R52(0603)
Add component (AddParameter): Name = "DeviceName"; Value = "R0603"; VariantName = "[No Variations]"
Add component (AddParameter): Name = "DeviceSetName"; Value = "R"; VariantName = "[No Variations]"
Add component (AddParameter): Name = "GateName_1"; Value = "G$1"; VariantName = "[No Variations]"
Add component (AddParameter): Name = "LibraryName"; Value = "myrcl"; VariantName = "[No Variations]"
Add component (AddParameter): Name = "SpiceOrder1"; Value = "SpiceOrder 1"; VariantName = "[No Variations]"
Add component (AddParameter): Name = "SpiceOrder2"; Value = "SpiceOrder 2"; VariantName = "[No Variations]"
Add component (AddParameter): Name = "SymbolName_1"; Value = "R"; VariantName = "[No Variations]"
Added Component: Designator=R53(0603)
Add component (AddParameter): Name = "DeviceName"; Value = "R0603"; VariantName = "[No Variations]"
Add component (AddParameter): Name = "DeviceSetName"; Value = "R"; VariantName = "[No Variations]"
Add component (AddParameter): Name = "GateName_1"; Value = "G$1"; VariantName = "[No Variations]"
Add component (AddParameter): Name = "LibraryName"; Value = "myrcl"; VariantName = "[No Variations]"
Add component (AddParameter): Name = "SpiceOrder1"; Value = "SpiceOrder 1"; VariantName = "[No Variations]"
Add component (AddParameter): Name = "SpiceOrder2"; Value = "SpiceOrder 2"; VariantName = "[No Variations]"
Add component (AddParameter): Name = "SymbolName_1"; Value = "R"; VariantName = "[No Variations]"
Added Component: Designator=R54(0603)
Add component (AddParameter): Name = "DeviceName"; Value = "R0603"; VariantName = "[No Variations]"
Add component (AddParameter): Name = "DeviceSetName"; Value = "R"; VariantName = "[No Variations]"
Add component (AddParameter): Name = "GateName_1"; Value = "G$1"; VariantName = "[No Variations]"
Add component (AddParameter): Name = "LibraryName"; Value = "myrcl"; VariantName = "[No Variations]"
Add component (AddParameter): Name = "SpiceOrder1"; Value = "SpiceOrder 1"; VariantName = "[No Variations]"
Add component (AddParameter): Name = "SpiceOrder2"; Value = "SpiceOrder 2"; VariantName = "[No Variations]"
Add component (AddParameter): Name = "SymbolName_1"; Value = "R"; VariantName = "[No Variations]"
Added Component: Designator=R55(0603)
Add component (AddParameter): Name = "DeviceName"; Value = "R0603"; VariantName = "[No Variations]"
Add component (AddParameter): Name = "DeviceSetName"; Value = "R"; VariantName = "[No Variations]"
Add component (AddParameter): Name = "GateName_1"; Value = "G$1"; VariantName = "[No Variations]"
Add component (AddParameter): Name = "LibraryName"; Value = "myrcl"; VariantName = "[No Variations]"
Add component (AddParameter): Name = "SpiceOrder1"; Value = "SpiceOrder 1"; VariantName = "[No Variations]"
Add component (AddParameter): Name = "SpiceOrder2"; Value = "SpiceOrder 2"; VariantName = "[No Variations]"
Add component (AddParameter): Name = "SymbolName_1"; Value = "R"; VariantName = "[No Variations]"
Added Component: Designator=R56(0603)
Add component (AddParameter): Name = "DeviceName"; Value = "R0603"; VariantName = "[No Variations]"
Add component (AddParameter): Name = "DeviceSetName"; Value = "R"; VariantName = "[No Variations]"
Add component (AddParameter): Name = "GateName_1"; Value = "G$1"; VariantName = "[No Variations]"
Add component (AddParameter): Name = "LibraryName"; Value = "myrcl"; VariantName = "[No Variations]"
Add component (AddParameter): Name = "SpiceOrder1"; Value = "SpiceOrder 1"; VariantName = "[No Variations]"
Add component (AddParameter): Name = "SpiceOrder2"; Value = "SpiceOrder 2"; VariantName = "[No Variations]"
Add component (AddParameter): Name = "SymbolName_1"; Value = "R"; VariantName = "[No Variations]"
Added Component: Designator=R57(0603)
Add component (AddParameter): Name = "DeviceName"; Value = "R0603"; VariantName = "[No Variations]"
Add component (AddParameter): Name = "DeviceSetName"; Value = "R"; VariantName = "[No Variations]"
Add component (AddParameter): Name = "GateName_1"; Value = "G$1"; VariantName = "[No Variations]"
Add component (AddParameter): Name = "LibraryName"; Value = "myrcl"; VariantName = "[No Variations]"
Add component (AddParameter): Name = "SpiceOrder1"; Value = "SpiceOrder 1"; VariantName = "[No Variations]"
Add component (AddParameter): Name = "SpiceOrder2"; Value = "SpiceOrder 2"; VariantName = "[No Variations]"
Add component (AddParameter): Name = "SymbolName_1"; Value = "R"; VariantName = "[No Variations]"
Added Component: Designator=R58(0603)
Add component (AddParameter): Name = "DeviceName"; Value = "R0603"; VariantName = "[No Variations]"
Add component (AddParameter): Name = "DeviceSetName"; Value = "R"; VariantName = "[No Variations]"
Add component (AddParameter): Name = "GateName_1"; Value = "G$1"; VariantName = "[No Variations]"
Add component (AddParameter): Name = "LibraryName"; Value = "myrcl"; VariantName = "[No Variations]"
Add component (AddParameter): Name = "SpiceOrder1"; Value = "SpiceOrder 1"; VariantName = "[No Variations]"
Add component (AddParameter): Name = "SpiceOrder2"; Value = "SpiceOrder 2"; VariantName = "[No Variations]"
Add component (AddParameter): Name = "SymbolName_1"; Value = "R"; VariantName = "[No Variations]"
Added Component: Designator=R59(0603)
Add component (AddParameter): Name = "DeviceName"; Value = "R0603"; VariantName = "[No Variations]"
Add component (AddParameter): Name = "DeviceSetName"; Value = "R"; VariantName = "[No Variations]"
Add component (AddParameter): Name = "GateName_1"; Value = "G$1"; VariantName = "[No Variations]"
Add component (AddParameter): Name = "LibraryName"; Value = "myrcl"; VariantName = "[No Variations]"
Add component (AddParameter): Name = "SpiceOrder1"; Value = "SpiceOrder 1"; VariantName = "[No Variations]"
Add component (AddParameter): Name = "SpiceOrder2"; Value = "SpiceOrder 2"; VariantName = "[No Variations]"
Add component (AddParameter): Name = "SymbolName_1"; Value = "R"; VariantName = "[No Variations]"
Added Component: Designator=R60(0603)
Add component (AddParameter): Name = "DeviceName"; Value = "R0603"; VariantName = "[No Variations]"
Add component (AddParameter): Name = "DeviceSetName"; Value = "R"; VariantName = "[No Variations]"
Add component (AddParameter): Name = "GateName_1"; Value = "G$1"; VariantName = "[No Variations]"
Add component (AddParameter): Name = "LibraryName"; Value = "myrcl"; VariantName = "[No Variations]"
Add component (AddParameter): Name = "SpiceOrder1"; Value = "SpiceOrder 1"; VariantName = "[No Variations]"
Add component (AddParameter): Name = "SpiceOrder2"; Value = "SpiceOrder 2"; VariantName = "[No Variations]"
Add component (AddParameter): Name = "SymbolName_1"; Value = "R"; VariantName = "[No Variations]"
Added Component: Designator=R61(0603)
Add component (AddParameter): Name = "DeviceName"; Value = "R0603"; VariantName = "[No Variations]"
Add component (AddParameter): Name = "DeviceSetName"; Value = "R"; VariantName = "[No Variations]"
Add component (AddParameter): Name = "GateName_1"; Value = "G$1"; VariantName = "[No Variations]"
Add component (AddParameter): Name = "LibraryName"; Value = "myrcl"; VariantName = "[No Variations]"
Add component (AddParameter): Name = "SpiceOrder1"; Value = "SpiceOrder 1"; VariantName = "[No Variations]"
Add component (AddParameter): Name = "SpiceOrder2"; Value = "SpiceOrder 2"; VariantName = "[No Variations]"
Add component (AddParameter): Name = "SymbolName_1"; Value = "R"; VariantName = "[No Variations]"
Added Component: Designator=R62(0603)
Add component (AddParameter): Name = "DeviceName"; Value = "R0603"; VariantName = "[No Variations]"
Add component (AddParameter): Name = "DeviceSetName"; Value = "R"; VariantName = "[No Variations]"
Add component (AddParameter): Name = "GateName_1"; Value = "G$1"; VariantName = "[No Variations]"
Add component (AddParameter): Name = "LibraryName"; Value = "myrcl"; VariantName = "[No Variations]"
Add component (AddParameter): Name = "SpiceOrder1"; Value = "SpiceOrder 1"; VariantName = "[No Variations]"
Add component (AddParameter): Name = "SpiceOrder2"; Value = "SpiceOrder 2"; VariantName = "[No Variations]"
Add component (AddParameter): Name = "SymbolName_1"; Value = "R"; VariantName = "[No Variations]"
Added Component: Designator=R63(0603)
Add component (AddParameter): Name = "DeviceName"; Value = "R0603"; VariantName = "[No Variations]"
Add component (AddParameter): Name = "DeviceSetName"; Value = "R"; VariantName = "[No Variations]"
Add component (AddParameter): Name = "GateName_1"; Value = "G$1"; VariantName = "[No Variations]"
Add component (AddParameter): Name = "LibraryName"; Value = "myrcl"; VariantName = "[No Variations]"
Add component (AddParameter): Name = "SpiceOrder1"; Value = "SpiceOrder 1"; VariantName = "[No Variations]"
Add component (AddParameter): Name = "SpiceOrder2"; Value = "SpiceOrder 2"; VariantName = "[No Variations]"
Add component (AddParameter): Name = "SymbolName_1"; Value = "R"; VariantName = "[No Variations]"
Added Component: Designator=R70(0603)
Add component (AddParameter): Name = "DeviceName"; Value = "R0603"; VariantName = "[No Variations]"
Add component (AddParameter): Name = "DeviceSetName"; Value = "R"; VariantName = "[No Variations]"
Add component (AddParameter): Name = "GateName_1"; Value = "G$1"; VariantName = "[No Variations]"
Add component (AddParameter): Name = "LibraryName"; Value = "myrcl"; VariantName = "[No Variations]"
Add component (AddParameter): Name = "SpiceOrder1"; Value = "SpiceOrder 1"; VariantName = "[No Variations]"
Add component (AddParameter): Name = "SpiceOrder2"; Value = "SpiceOrder 2"; VariantName = "[No Variations]"
Add component (AddParameter): Name = "SymbolName_1"; Value = "R"; VariantName = "[No Variations]"
Added Component: Designator=R71(0603)
Add component (AddParameter): Name = "DeviceName"; Value = "R0603"; VariantName = "[No Variations]"
Add component (AddParameter): Name = "DeviceSetName"; Value = "R"; VariantName = "[No Variations]"
Add component (AddParameter): Name = "GateName_1"; Value = "G$1"; VariantName = "[No Variations]"
Add component (AddParameter): Name = "LibraryName"; Value = "myrcl"; VariantName = "[No Variations]"
Add component (AddParameter): Name = "SpiceOrder1"; Value = "SpiceOrder 1"; VariantName = "[No Variations]"
Add component (AddParameter): Name = "SpiceOrder2"; Value = "SpiceOrder 2"; VariantName = "[No Variations]"
Add component (AddParameter): Name = "SymbolName_1"; Value = "R"; VariantName = "[No Variations]"
Added Component: Designator=R80(0603)
Add component (AddParameter): Name = "DeviceName"; Value = "R0603"; VariantName = "[No Variations]"
Add component (AddParameter): Name = "DeviceSetName"; Value = "R"; VariantName = "[No Variations]"
Add component (AddParameter): Name = "GateName_1"; Value = "G$1"; VariantName = "[No Variations]"
Add component (AddParameter): Name = "LibraryName"; Value = "myrcl"; VariantName = "[No Variations]"
Add component (AddParameter): Name = "SpiceOrder1"; Value = "SpiceOrder 1"; VariantName = "[No Variations]"
Add component (AddParameter): Name = "SpiceOrder2"; Value = "SpiceOrder 2"; VariantName = "[No Variations]"
Add component (AddParameter): Name = "SymbolName_1"; Value = "R"; VariantName = "[No Variations]"
Added Component: Designator=R81A(0603)
Add component (AddParameter): Name = "DeviceName"; Value = "R0603"; VariantName = "[No Variations]"
Add component (AddParameter): Name = "DeviceSetName"; Value = "R"; VariantName = "[No Variations]"
Add component (AddParameter): Name = "GateName_1"; Value = "G$1"; VariantName = "[No Variations]"
Add component (AddParameter): Name = "LibraryName"; Value = "myrcl"; VariantName = "[No Variations]"
Add component (AddParameter): Name = "SpiceOrder1"; Value = "SpiceOrder 1"; VariantName = "[No Variations]"
Add component (AddParameter): Name = "SpiceOrder2"; Value = "SpiceOrder 2"; VariantName = "[No Variations]"
Add component (AddParameter): Name = "SymbolName_1"; Value = "R"; VariantName = "[No Variations]"
Added Component: Designator=R81B(0603)
Add component (AddParameter): Name = "DeviceName"; Value = "R0603"; VariantName = "[No Variations]"
Add component (AddParameter): Name = "DeviceSetName"; Value = "R"; VariantName = "[No Variations]"
Add component (AddParameter): Name = "GateName_1"; Value = "G$1"; VariantName = "[No Variations]"
Add component (AddParameter): Name = "LibraryName"; Value = "myrcl"; VariantName = "[No Variations]"
Add component (AddParameter): Name = "SpiceOrder1"; Value = "SpiceOrder 1"; VariantName = "[No Variations]"
Add component (AddParameter): Name = "SpiceOrder2"; Value = "SpiceOrder 2"; VariantName = "[No Variations]"
Add component (AddParameter): Name = "SymbolName_1"; Value = "R"; VariantName = "[No Variations]"
Added Component: Designator=R82(0603)
Add component (AddParameter): Name = "DeviceName"; Value = "R0603"; VariantName = "[No Variations]"
Add component (AddParameter): Name = "DeviceSetName"; Value = "R"; VariantName = "[No Variations]"
Add component (AddParameter): Name = "GateName_1"; Value = "G$1"; VariantName = "[No Variations]"
Add component (AddParameter): Name = "LibraryName"; Value = "myrcl"; VariantName = "[No Variations]"
Add component (AddParameter): Name = "SpiceOrder1"; Value = "SpiceOrder 1"; VariantName = "[No Variations]"
Add component (AddParameter): Name = "SpiceOrder2"; Value = "SpiceOrder 2"; VariantName = "[No Variations]"
Add component (AddParameter): Name = "SymbolName_1"; Value = "R"; VariantName = "[No Variations]"
Added Component: Designator=R90(0603)
Add component (AddParameter): Name = "DeviceName"; Value = "R0603"; VariantName = "[No Variations]"
Add component (AddParameter): Name = "DeviceSetName"; Value = "R"; VariantName = "[No Variations]"
Add component (AddParameter): Name = "GateName_1"; Value = "G$1"; VariantName = "[No Variations]"
Add component (AddParameter): Name = "LibraryName"; Value = "myrcl"; VariantName = "[No Variations]"
Add component (AddParameter): Name = "SpiceOrder1"; Value = "SpiceOrder 1"; VariantName = "[No Variations]"
Add component (AddParameter): Name = "SpiceOrder2"; Value = "SpiceOrder 2"; VariantName = "[No Variations]"
Add component (AddParameter): Name = "SymbolName_1"; Value = "R"; VariantName = "[No Variations]"
Added Component: Designator=R91(0603)
Add component (AddParameter): Name = "DeviceName"; Value = "R0603"; VariantName = "[No Variations]"
Add component (AddParameter): Name = "DeviceSetName"; Value = "R"; VariantName = "[No Variations]"
Add component (AddParameter): Name = "GateName_1"; Value = "G$1"; VariantName = "[No Variations]"
Add component (AddParameter): Name = "LibraryName"; Value = "myrcl"; VariantName = "[No Variations]"
Add component (AddParameter): Name = "SpiceOrder1"; Value = "SpiceOrder 1"; VariantName = "[No Variations]"
Add component (AddParameter): Name = "SpiceOrder2"; Value = "SpiceOrder 2"; VariantName = "[No Variations]"
Add component (AddParameter): Name = "SymbolName_1"; Value = "R"; VariantName = "[No Variations]"
Added Component: Designator=R92(0603)
Add component (AddParameter): Name = "DeviceName"; Value = "R0603"; VariantName = "[No Variations]"
Add component (AddParameter): Name = "DeviceSetName"; Value = "R"; VariantName = "[No Variations]"
Add component (AddParameter): Name = "GateName_1"; Value = "G$1"; VariantName = "[No Variations]"
Add component (AddParameter): Name = "LibraryName"; Value = "myrcl"; VariantName = "[No Variations]"
Add component (AddParameter): Name = "SpiceOrder1"; Value = "SpiceOrder 1"; VariantName = "[No Variations]"
Add component (AddParameter): Name = "SpiceOrder2"; Value = "SpiceOrder 2"; VariantName = "[No Variations]"
Add component (AddParameter): Name = "SymbolName_1"; Value = "R"; VariantName = "[No Variations]"
Added Component: Designator=R93(0603)
Add component (AddParameter): Name = "DeviceName"; Value = "R0603"; VariantName = "[No Variations]"
Add component (AddParameter): Name = "DeviceSetName"; Value = "R"; VariantName = "[No Variations]"
Add component (AddParameter): Name = "GateName_1"; Value = "G$1"; VariantName = "[No Variations]"
Add component (AddParameter): Name = "LibraryName"; Value = "myrcl"; VariantName = "[No Variations]"
Add component (AddParameter): Name = "SpiceOrder1"; Value = "SpiceOrder 1"; VariantName = "[No Variations]"
Add component (AddParameter): Name = "SpiceOrder2"; Value = "SpiceOrder 2"; VariantName = "[No Variations]"
Add component (AddParameter): Name = "SymbolName_1"; Value = "R"; VariantName = "[No Variations]"
Added Component: Designator=R?(0402_R)
Add component (AddParameter): Name = "ComponentLink1Description"; Value = "供应商链接"; VariantName = "[No Variations]"
Add component (AddParameter): Name = "ComponentLink1URL"; Value = "http://www.szlcsc.com/product/details_17853.html"; VariantName = "[No Variations]"
Add component (AddParameter): Name = "Notepad"; Value = ""; VariantName = "[No Variations]"
Add component (AddParameter): Name = "Package"; Value = "0402"; VariantName = "[No Variations]"
Add component (AddParameter): Name = "Supplier"; Value = "LC"; VariantName = "[No Variations]"
Add component (AddParameter): Name = "SuppliersPartNumber"; Value = "C17168"; VariantName = "[No Variations]"
Added Component: Designator=R?(0402_R)
Add component (AddParameter): Name = "ComponentLink1Description"; Value = "供应商链接"; VariantName = "[No Variations]"
Add component (AddParameter): Name = "ComponentLink1URL"; Value = "http://www.szlcsc.com/product/details_17853.html"; VariantName = "[No Variations]"
Add component (AddParameter): Name = "Notepad"; Value = ""; VariantName = "[No Variations]"
Add component (AddParameter): Name = "Package"; Value = "0402"; VariantName = "[No Variations]"
Add component (AddParameter): Name = "Supplier"; Value = "LC"; VariantName = "[No Variations]"
Add component (AddParameter): Name = "SuppliersPartNumber"; Value = "C17168"; VariantName = "[No Variations]"
Added Component: Designator=R?(0402_R)
Add component (AddParameter): Name = "ComponentLink1Description"; Value = "供应商链接"; VariantName = "[No Variations]"
Add component (AddParameter): Name = "ComponentLink1URL"; Value = "http://www.szlcsc.com/product/details_17853.html"; VariantName = "[No Variations]"
Add component (AddParameter): Name = "Notepad"; Value = ""; VariantName = "[No Variations]"
Add component (AddParameter): Name = "Package"; Value = "0402"; VariantName = "[No Variations]"
Add component (AddParameter): Name = "Supplier"; Value = "LC"; VariantName = "[No Variations]"
Add component (AddParameter): Name = "SuppliersPartNumber"; Value = "C17168"; VariantName = "[No Variations]"
Added Component: Designator=R?(0402_R)
Add component (AddParameter): Name = "ComponentLink1Description"; Value = "供应商链接"; VariantName = "[No Variations]"
Add component (AddParameter): Name = "ComponentLink1URL"; Value = "http://www.szlcsc.com/product/details_17853.html"; VariantName = "[No Variations]"
Add component (AddParameter): Name = "Notepad"; Value = ""; VariantName = "[No Variations]"
Add component (AddParameter): Name = "Package"; Value = "0402"; VariantName = "[No Variations]"
Add component (AddParameter): Name = "Supplier"; Value = "LC"; VariantName = "[No Variations]"
Add component (AddParameter): Name = "SuppliersPartNumber"; Value = "C17168"; VariantName = "[No Variations]"
Added Component: Designator=R?(0402_R)
Add component (AddParameter): Name = "ComponentLink1Description"; Value = "供应商链接"; VariantName = "[No Variations]"
Add component (AddParameter): Name = "ComponentLink1URL"; Value = "http://www.szlcsc.com/product/details_17853.html"; VariantName = "[No Variations]"
Add component (AddParameter): Name = "Notepad"; Value = ""; VariantName = "[No Variations]"
Add component (AddParameter): Name = "Package"; Value = "0402"; VariantName = "[No Variations]"
Add component (AddParameter): Name = "Supplier"; Value = "LC"; VariantName = "[No Variations]"
Add component (AddParameter): Name = "SuppliersPartNumber"; Value = "C17168"; VariantName = "[No Variations]"
Added Component: Designator=R?(0402_R)
Add component (AddParameter): Name = "ComponentLink1Description"; Value = "供应商链接"; VariantName = "[No Variations]"
Add component (AddParameter): Name = "ComponentLink1URL"; Value = "http://www.szlcsc.com/product/details_17853.html"; VariantName = "[No Variations]"
Add component (AddParameter): Name = "Notepad"; Value = ""; VariantName = "[No Variations]"
Add component (AddParameter): Name = "Package"; Value = "0402"; VariantName = "[No Variations]"
Add component (AddParameter): Name = "Supplier"; Value = "LC"; VariantName = "[No Variations]"
Add component (AddParameter): Name = "SuppliersPartNumber"; Value = "C17168"; VariantName = "[No Variations]"
Added Component: Designator=RB0(0603)
Add component (AddParameter): Name = "DeviceName"; Value = "R0603"; VariantName = "[No Variations]"
Add component (AddParameter): Name = "DeviceSetName"; Value = "R"; VariantName = "[No Variations]"
Add component (AddParameter): Name = "GateName_1"; Value = "G$1"; VariantName = "[No Variations]"
Add component (AddParameter): Name = "LibraryName"; Value = "myrcl"; VariantName = "[No Variations]"
Add component (AddParameter): Name = "SpiceOrder1"; Value = "SpiceOrder 1"; VariantName = "[No Variations]"
Add component (AddParameter): Name = "SpiceOrder2"; Value = "SpiceOrder 2"; VariantName = "[No Variations]"
Add component (AddParameter): Name = "SymbolName_1"; Value = "R"; VariantName = "[No Variations]"
Added Component: Designator=RD1(0603)
Add component (AddParameter): Name = "DeviceName"; Value = "R0603"; VariantName = "[No Variations]"
Add component (AddParameter): Name = "DeviceSetName"; Value = "R"; VariantName = "[No Variations]"
Add component (AddParameter): Name = "GateName_1"; Value = "G$1"; VariantName = "[No Variations]"
Add component (AddParameter): Name = "LibraryName"; Value = "myrcl"; VariantName = "[No Variations]"
Add component (AddParameter): Name = "SpiceOrder1"; Value = "SpiceOrder 1"; VariantName = "[No Variations]"
Add component (AddParameter): Name = "SpiceOrder2"; Value = "SpiceOrder 2"; VariantName = "[No Variations]"
Add component (AddParameter): Name = "SymbolName_1"; Value = "R"; VariantName = "[No Variations]"
Added Component: Designator=RD2(0603)
Add component (AddParameter): Name = "DeviceName"; Value = "R0603"; VariantName = "[No Variations]"
Add component (AddParameter): Name = "DeviceSetName"; Value = "R"; VariantName = "[No Variations]"
Add component (AddParameter): Name = "GateName_1"; Value = "G$1"; VariantName = "[No Variations]"
Add component (AddParameter): Name = "LibraryName"; Value = "myrcl"; VariantName = "[No Variations]"
Add component (AddParameter): Name = "SpiceOrder1"; Value = "SpiceOrder 1"; VariantName = "[No Variations]"
Add component (AddParameter): Name = "SpiceOrder2"; Value = "SpiceOrder 2"; VariantName = "[No Variations]"
Add component (AddParameter): Name = "SymbolName_1"; Value = "R"; VariantName = "[No Variations]"
Added Component: Designator=RISO(0603)
Add component (AddParameter): Name = "DeviceName"; Value = "R0603"; VariantName = "[No Variations]"
Add component (AddParameter): Name = "DeviceSetName"; Value = "R"; VariantName = "[No Variations]"
Add component (AddParameter): Name = "GateName_1"; Value = "G$1"; VariantName = "[No Variations]"
Add component (AddParameter): Name = "LibraryName"; Value = "myrcl"; VariantName = "[No Variations]"
Add component (AddParameter): Name = "SpiceOrder1"; Value = "SpiceOrder 1"; VariantName = "[No Variations]"
Add component (AddParameter): Name = "SpiceOrder2"; Value = "SpiceOrder 2"; VariantName = "[No Variations]"
Add component (AddParameter): Name = "SymbolName_1"; Value = "R"; VariantName = "[No Variations]"
Add Component: Footprint Not Found JMP_OR_0603
Added Component: Designator=RV1(0603)
Add component (AddParameter): Name = "DeviceName"; Value = "R0603"; VariantName = "[No Variations]"
Add component (AddParameter): Name = "DeviceSetName"; Value = "R"; VariantName = "[No Variations]"
Add component (AddParameter): Name = "GateName_1"; Value = "G$1"; VariantName = "[No Variations]"
Add component (AddParameter): Name = "LibraryName"; Value = "myrcl"; VariantName = "[No Variations]"
Add component (AddParameter): Name = "SpiceOrder1"; Value = "SpiceOrder 1"; VariantName = "[No Variations]"
Add component (AddParameter): Name = "SpiceOrder2"; Value = "SpiceOrder 2"; VariantName = "[No Variations]"
Add component (AddParameter): Name = "SymbolName_1"; Value = "R"; VariantName = "[No Variations]"
Added Component: Designator=RV2(0603)
Add component (AddParameter): Name = "DeviceName"; Value = "R0603"; VariantName = "[No Variations]"
Add component (AddParameter): Name = "DeviceSetName"; Value = "R"; VariantName = "[No Variations]"
Add component (AddParameter): Name = "GateName_1"; Value = "G$1"; VariantName = "[No Variations]"
Add component (AddParameter): Name = "LibraryName"; Value = "myrcl"; VariantName = "[No Variations]"
Add component (AddParameter): Name = "SpiceOrder1"; Value = "SpiceOrder 1"; VariantName = "[No Variations]"
Add component (AddParameter): Name = "SpiceOrder2"; Value = "SpiceOrder 2"; VariantName = "[No Variations]"
Add component (AddParameter): Name = "SymbolName_1"; Value = "R"; VariantName = "[No Variations]"
Add Component: Footprint Not Found SO8
Add Component: Footprint Not Found SO8
Add Component: Footprint Not Found NR_FIELD
Add Component: Footprint Not Found GND_MERGE
Added Pin To Net: NetName=+3V3 Pin=C1-1
Added Pin To Net: NetName=+3V3 Pin=C2-1
Added Pin To Net: NetName=+3V3 Pin=C3-1
Added Pin To Net: NetName=+3V3 Pin=C4-1
Added Pin To Net: NetName=+3V3 Pin=C5-1
Added Pin To Net: NetName=+3V3 Pin=C6-1
Added Pin To Net: NetName=+3V3 Pin=C7-1
Added Pin To Net: NetName=+3V3 Pin=C8-1
Added Pin To Net: NetName=+3V3 Pin=C11-1
Added Pin To Net: NetName=+3V3 Pin=C12-1
Added Pin To Net: NetName=+3V3 Pin=C13-1
Added Pin To Net: NetName=+3V3 Pin=CF-1
Added Pin To Net: NetName=+3V3 Pin=CP1-1
Added Pin To Net: NetName=+3V3 Pin=CP2-1
Added Pin To Net: NetName=+3V3 Pin=R50-2
Added Pin To Net: NetName=+3V3 Pin=R51-1
Added Pin To Net: NetName=+3V3 Pin=R51-2
Added Pin To Net: NetName=+3V3 Pin=R53-1
Added Pin To Net: NetName=+3V3 Pin=R55-1
Added Pin To Net: NetName=+3V3 Pin=R61-2
Added Pin To Net: NetName=+3V3 Pin=R63-2
Added Pin To Net: NetName=+3V3 Pin=RD2-2
Added Net: Name=+3V3
Added Pin To Net: NetName=+12V Pin=CIN1-1
Added Pin To Net: NetName=+12V Pin=CIN2-1
Added Pin To Net: NetName=+12V Pin=RV2-2
Added Net: Name=+12V
Added Pin To Net: NetName=DGND Pin=C1-2
Added Pin To Net: NetName=DGND Pin=C2-2
Added Pin To Net: NetName=DGND Pin=C3-2
Added Pin To Net: NetName=DGND Pin=C4-2
Added Pin To Net: NetName=DGND Pin=C5-2
Added Pin To Net: NetName=DGND Pin=C6-2
Added Pin To Net: NetName=DGND Pin=C7-2
Added Pin To Net: NetName=DGND Pin=C8-2
Added Pin To Net: NetName=DGND Pin=C9-2
Added Pin To Net: NetName=DGND Pin=C10-2
Added Pin To Net: NetName=DGND Pin=C11-2
Added Pin To Net: NetName=DGND Pin=C12-2
Added Pin To Net: NetName=DGND Pin=C13-2
Added Pin To Net: NetName=DGND Pin=CO1-2
Added Pin To Net: NetName=DGND Pin=CO2-2
Added Pin To Net: NetName=DGND Pin=CP1-2
Added Pin To Net: NetName=DGND Pin=CP2-2
Added Pin To Net: NetName=DGND Pin=CV-2
Added Pin To Net: NetName=DGND Pin=R59-1
Added Pin To Net: NetName=DGND Pin=R81A-1
Added Pin To Net: NetName=DGND Pin=RB0-1
Added Pin To Net: NetName=DGND Pin=RD1-1
Added Pin To Net: NetName=DGND Pin=RISO-2
Added Pin To Net: NetName=DGND Pin=RV1-1
Added Pin To Net: NetName=DGND Pin=Q1-2
Added Pin To Net: NetName=DGND Pin=Q1-4
Added Net: Name=DGND
Added Pin To Net: NetName=GNDI Pin=CE1-2
Added Pin To Net: NetName=GNDI Pin=CE2-2
Added Pin To Net: NetName=GNDI Pin=R81B-2
Added Pin To Net: NetName=GNDI Pin=RISO-1
Added Net: Name=GNDI
Added Pin To Net: NetName=GND Pin=CIN1-2
Added Pin To Net: NetName=GND Pin=CIN2-2
Added Net: Name=GND
Added Pin To Net: NetName=NetC9_1 Pin=C9-1
Added Net: Name=NetC9_1
Added Pin To Net: NetName=NetC10_1 Pin=C10-1
Added Pin To Net: NetName=NetC10_1 Pin=R93-2
Added Net: Name=NetC10_1
Added Pin To Net: NetName=NetCB_1 Pin=CB-1
Added Net: Name=NetCB_1
Added Pin To Net: NetName=NetCB_2 Pin=CB-2
Added Net: Name=NetCB_2
Added Pin To Net: NetName=NetCE1_1 Pin=CE1-1
Added Pin To Net: NetName=NetCE1_1 Pin=CE2-1
Added Net: Name=NetCE1_1
Added Pin To Net: NetName=NetCF_2 Pin=CF-2
Added Pin To Net: NetName=NetCF_2 Pin=RD1-2
Added Pin To Net: NetName=NetCF_2 Pin=RD2-1
Added Net: Name=NetCF_2
Added Pin To Net: NetName=NetCO1_1 Pin=CO1-1
Added Pin To Net: NetName=NetCO1_1 Pin=Q1-3
Added Net: Name=NetCO1_1
Added Pin To Net: NetName=NetCO2_1 Pin=CO2-1
Added Pin To Net: NetName=NetCO2_1 Pin=Q1-1
Added Net: Name=NetCO2_1
Added Net: Name=NetCOM_2
Added Net: Name=NetCOM_4
Added Net: Name=NetCOM_5
Added Net: Name=NetCOM_6
Added Net: Name=NetCOM_7
Added Pin To Net: NetName=NetCOM_8 Pin=R81B-1
Added Net: Name=NetCOM_8
Added Pin To Net: NetName=NetCV_1 Pin=CV-1
Added Pin To Net: NetName=NetCV_1 Pin=RV1-2
Added Pin To Net: NetName=NetCV_1 Pin=RV2-1
Added Net: Name=NetCV_1
Added Net: Name=NetDCDC_5
Added Pin To Net: NetName=NetDF9-17S_3 Pin=R90-2
Added Net: Name=NetDF9-17S_3
Added Pin To Net: NetName=NetDF9-17S_7 Pin=R91-2
Added Net: Name=NetDF9-17S_7
Added Pin To Net: NetName=NetDF9-17S_9 Pin=R93-1
Added Net: Name=NetDF9-17S_9
Added Pin To Net: NetName=NetDF9-17S_11 Pin=R92-1
Added Net: Name=NetDF9-17S_11
Added Pin To Net: NetName=NetDF9-17S_13 Pin=R1-2
Added Net: Name=NetDF9-17S_13
Added Pin To Net: NetName=NetDF9-17S_14 Pin=R5-2
Added Net: Name=NetDF9-17S_14
Added Pin To Net: NetName=NetDF9-17S_15 Pin=R2-2
Added Net: Name=NetDF9-17S_15
Added Pin To Net: NetName=NetDF9-17S_16 Pin=R4-2
Added Net: Name=NetDF9-17S_16
Added Pin To Net: NetName=NetDF9-17S_17 Pin=R3-2
Added Net: Name=NetDF9-17S_17
Added Net: Name=NetDF9-31P_1
Added Net: Name=NetDF9-31P_2
Added Net: Name=NetDF9-31P_3
Added Net: Name=NetDF9-31P_5
Added Net: Name=NetDF9-31P_6
Added Net: Name=NetDF9-31P_7
Added Net: Name=NetDF9-31P_8
Added Net: Name=NetDF9-31P_9
Added Net: Name=NetDF9-31P_10
Added Net: Name=NetDF9-31P_11
Added Net: Name=NetDF9-31P_12
Added Net: Name=NetDF9-31P_13
Added Net: Name=NetDF9-31P_14
Added Net: Name=NetDF9-31P_15
Added Pin To Net: NetName=NetDF9-31P_21 Pin=R10-2
Added Net: Name=NetDF9-31P_21
Added Pin To Net: NetName=NetDF9-31P_22 Pin=R12-2
Added Net: Name=NetDF9-31P_22
Added Pin To Net: NetName=NetDF9-31P_23 Pin=R11-2
Added Net: Name=NetDF9-31P_23
Added Pin To Net: NetName=NetDF9-31P_24 Pin=R62-2
Added Pin To Net: NetName=NetDF9-31P_24 Pin=R63-1
Added Net: Name=NetDF9-31P_24
Added Pin To Net: NetName=NetDF9-31P_25 Pin=R60-2
Added Pin To Net: NetName=NetDF9-31P_25 Pin=R61-1
Added Net: Name=NetDF9-31P_25
Added Pin To Net: NetName=NetDF9-31P_26 Pin=R54-2
Added Pin To Net: NetName=NetDF9-31P_26 Pin=R55-2
Added Net: Name=NetDF9-31P_26
Added Pin To Net: NetName=NetDF9-31P_27 Pin=R52-2
Added Pin To Net: NetName=NetDF9-31P_27 Pin=R53-2
Added Net: Name=NetDF9-31P_27
Added Pin To Net: NetName=NetDF9-31P_29 Pin=R56-2
Added Net: Name=NetDF9-31P_29
Added Pin To Net: NetName=NetDF9-31P_30 Pin=R57-1
Added Net: Name=NetDF9-31P_30
Added Pin To Net: NetName=NetDF9-31P_31 Pin=R58-1
Added Net: Name=NetDF9-31P_31
Added Net: Name=NetDP_A
Added Net: Name=NetH-B1-L_2
Added Pin To Net: NetName=NetLD1_1 Pin=R1-1
Added Net: Name=NetLD1_1
Added Pin To Net: NetName=NetLD2_1 Pin=R2-1
Added Net: Name=NetLD2_1
Added Pin To Net: NetName=NetLD3_1 Pin=R3-1
Added Net: Name=NetLD3_1
Added Pin To Net: NetName=NetLD4_1 Pin=R4-1
Added Net: Name=NetLD4_1
Added Pin To Net: NetName=NetLD5_1 Pin=R5-1
Added Net: Name=NetLD5_1
Added Net: Name=NetLDP_1
Added Net: Name=NetMCU_P$2
Added Net: Name=NetMCU_P$3
Added Net: Name=NetMCU_P$4
Added Pin To Net: NetName=NetMCU_P$14 Pin=R10-1
Added Net: Name=NetMCU_P$14
Added Pin To Net: NetName=NetMCU_P$15 Pin=R11-1
Added Net: Name=NetMCU_P$15
Added Pin To Net: NetName=NetMCU_P$16 Pin=R12-1
Added Net: Name=NetMCU_P$16
Added Net: Name=NetMCU_P$20
Added Net: Name=NetMCU_P$21
Added Net: Name=NetMCU_P$27
Added Pin To Net: NetName=NetMCU_P$29 Pin=R52-1
Added Net: Name=NetMCU_P$29
Added Pin To Net: NetName=NetMCU_P$33 Pin=R54-1
Added Net: Name=NetMCU_P$33
Added Pin To Net: NetName=NetMCU_P$34 Pin=R56-1
Added Net: Name=NetMCU_P$34
Added Pin To Net: NetName=NetMCU_P$35 Pin=R58-2
Added Pin To Net: NetName=NetMCU_P$35 Pin=R59-2
Added Net: Name=NetMCU_P$35
Added Pin To Net: NetName=NetMCU_P$36 Pin=R57-2
Added Net: Name=NetMCU_P$36
Added Pin To Net: NetName=NetMCU_P$41 Pin=R80-2
Added Net: Name=NetMCU_P$41
Added Pin To Net: NetName=NetMCU_P$42 Pin=R70-1
Added Net: Name=NetMCU_P$42
Added Pin To Net: NetName=NetMCU_P$43 Pin=R71-1
Added Net: Name=NetMCU_P$43
Added Pin To Net: NetName=NetMCU_P$46 Pin=R91-1
Added Net: Name=NetMCU_P$46
Added Pin To Net: NetName=NetMCU_P$49 Pin=R90-1
Added Net: Name=NetMCU_P$49
Added Pin To Net: NetName=NetMCU_P$52 Pin=R82-2
Added Net: Name=NetMCU_P$52
Added Pin To Net: NetName=NetMCU_P$55 Pin=R92-2
Added Net: Name=NetMCU_P$55
Added Net: Name=NetMCU_P$57
Added Pin To Net: NetName=NetMCU_P$58 Pin=R60-1
Added Net: Name=NetMCU_P$58
Added Pin To Net: NetName=NetMCU_P$59 Pin=R62-1
Added Net: Name=NetMCU_P$59
Added Pin To Net: NetName=NetMCU_P$60 Pin=RB0-2
Added Net: Name=NetMCU_P$60
Added Net: Name=NetMCU_P$61
Added Pin To Net: NetName=NetMCU_P$62 Pin=R50-1
Added Net: Name=NetMCU_P$62
Added Pin To Net: NetName=NetR70_2 Pin=R70-2
Added Net: Name=NetR70_2
Added Pin To Net: NetName=NetR71_2 Pin=R71-2
Added Net: Name=NetR71_2
Added Pin To Net: NetName=NetR80_1 Pin=R80-1
Added Pin To Net: NetName=NetR80_1 Pin=R81A-2
Added Net: Name=NetR80_1
Added Pin To Net: NetName=NetR82_1 Pin=R82-1
Added Net: Name=NetR82_1
Added Pin To Net: NetName=NetR?_1 Pin=R?-1
Added Pin To Net: NetName=NetR?_1 Pin=R?-1
Added Net: Name=NetR?_1
Added Pin To Net: NetName=NetR?_2 Pin=R?-2
Added Pin To Net: NetName=NetR?_2 Pin=R?-2
Added Net: Name=NetR?_2
Added Class: Name=mainboard
