Add Component: Footprint Not Found AHOI_LOGO_8MMHEIGHT
Add Component: Footprint Not Found 0603
Add Component: Footprint Not Found 0603
Add Component: Footprint Not Found 0603
Add Component: Footprint Not Found 0603
Add Component: Footprint Not Found 0603
Add Component: Footprint Not Found 0805
Add Component: Footprint Not Found 0805
Add Component: Footprint Not Found 0603
Add Component: Footprint Not Found 0805
Add Component: Footprint Not Found 0603
Add Component: Footprint Not Found 0603
Add Component: Footprint Not Found 0603
Add Component: Footprint Not Found 0603
Add Component: Footprint Not Found 0603
Add Component: Footprint Not Found 0603
Add Component: Footprint Not Found 0603
Add Component: Footprint Not Found 0603
Add Component: Footprint Not Found 0805
Add Component: Footprint Not Found 0603
Add Component: Footprint Not Found 0603
Add Component: Footprint Not Found 0603
Add Component: Footprint Not Found 1X08
Add Component: Footprint Not Found 0805
Add Component: Footprint Not Found 0805
Add Component: Footprint Not Found 0603
Add Component: Footprint Not Found SOT-23-THIN
Add Component: Footprint Not Found DF9-17S
Add Component: Footprint Not Found DF9-31S
Add Component: Footprint Not Found DF9-31S
Add Component: Footprint Not Found DO-214AC
Add Component: Footprint Not Found SOD323
Add Component: Footprint Not Found SOT23-6
Add Component: Footprint Not Found JMP_OR_0603
Add Component: Footprint Not Found VLCF5028-2
Add Component: Footprint Not Found LED0603
Add Component: Footprint Not Found LED0603
Add Component: Footprint Not Found LED0603
Add Component: Footprint Not Found LED0603
Add Component: Footprint Not Found LED0603
Add Component: Footprint Not Found LED0603
Add Component: Footprint Not Found LQFP64
Add Component: Footprint Not Found TP06SQ
Add Component: Footprint Not Found TL3780
Add Component: Footprint Not Found 1X02
Add Component: Footprint Not Found 3.2X2.5_KX-7
Add Component: Footprint Not Found 0603
Add Component: Footprint Not Found 0603
Add Component: Footprint Not Found 0603
Add Component: Footprint Not Found 0603
Add Component: Footprint Not Found 0603
Add Component: Footprint Not Found 0603
Add Component: Footprint Not Found 0603
Add Component: Footprint Not Found 0603
Add Component: Footprint Not Found 0603
Add Component: Footprint Not Found 0603
Add Component: Footprint Not Found 0603
Add Component: Footprint Not Found 0603
Add Component: Footprint Not Found 0603
Add Component: Footprint Not Found 0603
Add Component: Footprint Not Found 0603
Add Component: Footprint Not Found 0603
Add Component: Footprint Not Found 0603
Add Component: Footprint Not Found 0603
Add Component: Footprint Not Found 0603
Add Component: Footprint Not Found 0603
Add Component: Footprint Not Found 0603
Add Component: Footprint Not Found 0603
Add Component: Footprint Not Found 0603
Add Component: Footprint Not Found 0603
Add Component: Footprint Not Found 0603
Add Component: Footprint Not Found 0603
Add Component: Footprint Not Found 0603
Add Component: Footprint Not Found 0603
Add Component: Footprint Not Found 0603
Add Component: Footprint Not Found 0603
Add Component: Footprint Not Found 0603
Add Component: Footprint Not Found 0603
Added Component: Designator=R?(0402_R)
Add component (AddParameter): Name = "ComponentLink1Description"; Value = "供应商链接"; VariantName = "[No Variations]"
Add component (AddParameter): Name = "ComponentLink1URL"; Value = "http://www.szlcsc.com/product/details_17853.html"; VariantName = "[No Variations]"
Add component (AddParameter): Name = "Notepad"; Value = ""; VariantName = "[No Variations]"
Add component (AddParameter): Name = "Package"; Value = "0402"; VariantName = "[No Variations]"
Add component (AddParameter): Name = "Supplier"; Value = "LC"; VariantName = "[No Variations]"
Add component (AddParameter): Name = "SuppliersPartNumber"; Value = "C17168"; VariantName = "[No Variations]"
Added Component: Designator=R?(0402_R)
Add component (AddParameter): Name = "ComponentLink1Description"; Value = "供应商链接"; VariantName = "[No Variations]"
Add component (AddParameter): Name = "ComponentLink1URL"; Value = "http://www.szlcsc.com/product/details_17853.html"; VariantName = "[No Variations]"
Add component (AddParameter): Name = "Notepad"; Value = ""; VariantName = "[No Variations]"
Add component (AddParameter): Name = "Package"; Value = "0402"; VariantName = "[No Variations]"
Add component (AddParameter): Name = "Supplier"; Value = "LC"; VariantName = "[No Variations]"
Add component (AddParameter): Name = "SuppliersPartNumber"; Value = "C17168"; VariantName = "[No Variations]"
Added Component: Designator=R?(0402_R)
Add component (AddParameter): Name = "ComponentLink1Description"; Value = "供应商链接"; VariantName = "[No Variations]"
Add component (AddParameter): Name = "ComponentLink1URL"; Value = "http://www.szlcsc.com/product/details_17853.html"; VariantName = "[No Variations]"
Add component (AddParameter): Name = "Notepad"; Value = ""; VariantName = "[No Variations]"
Add component (AddParameter): Name = "Package"; Value = "0402"; VariantName = "[No Variations]"
Add component (AddParameter): Name = "Supplier"; Value = "LC"; VariantName = "[No Variations]"
Add component (AddParameter): Name = "SuppliersPartNumber"; Value = "C17168"; VariantName = "[No Variations]"
Added Component: Designator=R?(0402_R)
Add component (AddParameter): Name = "ComponentLink1Description"; Value = "供应商链接"; VariantName = "[No Variations]"
Add component (AddParameter): Name = "ComponentLink1URL"; Value = "http://www.szlcsc.com/product/details_17853.html"; VariantName = "[No Variations]"
Add component (AddParameter): Name = "Notepad"; Value = ""; VariantName = "[No Variations]"
Add component (AddParameter): Name = "Package"; Value = "0402"; VariantName = "[No Variations]"
Add component (AddParameter): Name = "Supplier"; Value = "LC"; VariantName = "[No Variations]"
Add component (AddParameter): Name = "SuppliersPartNumber"; Value = "C17168"; VariantName = "[No Variations]"
Added Component: Designator=R?(0402_R)
Add component (AddParameter): Name = "ComponentLink1Description"; Value = "供应商链接"; VariantName = "[No Variations]"
Add component (AddParameter): Name = "ComponentLink1URL"; Value = "http://www.szlcsc.com/product/details_17853.html"; VariantName = "[No Variations]"
Add component (AddParameter): Name = "Notepad"; Value = ""; VariantName = "[No Variations]"
Add component (AddParameter): Name = "Package"; Value = "0402"; VariantName = "[No Variations]"
Add component (AddParameter): Name = "Supplier"; Value = "LC"; VariantName = "[No Variations]"
Add component (AddParameter): Name = "SuppliersPartNumber"; Value = "C17168"; VariantName = "[No Variations]"
Added Component: Designator=R?(0402_R)
Add component (AddParameter): Name = "ComponentLink1Description"; Value = "供应商链接"; VariantName = "[No Variations]"
Add component (AddParameter): Name = "ComponentLink1URL"; Value = "http://www.szlcsc.com/product/details_17853.html"; VariantName = "[No Variations]"
Add component (AddParameter): Name = "Notepad"; Value = ""; VariantName = "[No Variations]"
Add component (AddParameter): Name = "Package"; Value = "0402"; VariantName = "[No Variations]"
Add component (AddParameter): Name = "Supplier"; Value = "LC"; VariantName = "[No Variations]"
Add component (AddParameter): Name = "SuppliersPartNumber"; Value = "C17168"; VariantName = "[No Variations]"
Add Component: Footprint Not Found 0603
Add Component: Footprint Not Found 0603
Add Component: Footprint Not Found 0603
Add Component: Footprint Not Found 0603
Add Component: Footprint Not Found JMP_OR_0603
Add Component: Footprint Not Found 0603
Add Component: Footprint Not Found 0603
Add Component: Footprint Not Found SO8
Add Component: Footprint Not Found SO8
Add Component: Footprint Not Found NR_FIELD
Add Component: Footprint Not Found GND_MERGE
Added Net: Name=+3V3
Added Net: Name=+12V
Added Net: Name=DGND
Added Net: Name=GNDI
Added Net: Name=GND
Added Net: Name=NetC9_1
Added Net: Name=NetC10_1
Added Net: Name=NetCB_1
Added Net: Name=NetCB_2
Added Net: Name=NetCE1_1
Added Net: Name=NetCF_2
Added Net: Name=NetCO1_1
Added Net: Name=NetCO2_1
Added Net: Name=NetCOM_2
Added Net: Name=NetCOM_4
Added Net: Name=NetCOM_5
Added Net: Name=NetCOM_6
Added Net: Name=NetCOM_7
Added Net: Name=NetCOM_8
Added Net: Name=NetCV_1
Added Net: Name=NetDCDC_5
Added Net: Name=NetDF9-17S_3
Added Net: Name=NetDF9-17S_7
Added Net: Name=NetDF9-17S_9
Added Net: Name=NetDF9-17S_11
Added Net: Name=NetDF9-17S_13
Added Net: Name=NetDF9-17S_14
Added Net: Name=NetDF9-17S_15
Added Net: Name=NetDF9-17S_16
Added Net: Name=NetDF9-17S_17
Added Net: Name=NetDF9-31P_1
Added Net: Name=NetDF9-31P_2
Added Net: Name=NetDF9-31P_3
Added Net: Name=NetDF9-31P_5
Added Net: Name=NetDF9-31P_6
Added Net: Name=NetDF9-31P_7
Added Net: Name=NetDF9-31P_8
Added Net: Name=NetDF9-31P_9
Added Net: Name=NetDF9-31P_10
Added Net: Name=NetDF9-31P_11
Added Net: Name=NetDF9-31P_12
Added Net: Name=NetDF9-31P_13
Added Net: Name=NetDF9-31P_14
Added Net: Name=NetDF9-31P_15
Added Net: Name=NetDF9-31P_21
Added Net: Name=NetDF9-31P_22
Added Net: Name=NetDF9-31P_23
Added Net: Name=NetDF9-31P_24
Added Net: Name=NetDF9-31P_25
Added Net: Name=NetDF9-31P_26
Added Net: Name=NetDF9-31P_27
Added Net: Name=NetDF9-31P_29
Added Net: Name=NetDF9-31P_30
Added Net: Name=NetDF9-31P_31
Added Net: Name=NetDP_A
Added Net: Name=NetH-B1-L_2
Added Net: Name=NetLD1_1
Added Net: Name=NetLD2_1
Added Net: Name=NetLD3_1
Added Net: Name=NetLD4_1
Added Net: Name=NetLD5_1
Added Net: Name=NetLDP_1
Added Net: Name=NetMCU_P$2
Added Net: Name=NetMCU_P$3
Added Net: Name=NetMCU_P$4
Added Net: Name=NetMCU_P$14
Added Net: Name=NetMCU_P$15
Added Net: Name=NetMCU_P$16
Added Net: Name=NetMCU_P$20
Added Net: Name=NetMCU_P$21
Added Net: Name=NetMCU_P$27
Added Net: Name=NetMCU_P$29
Added Net: Name=NetMCU_P$33
Added Net: Name=NetMCU_P$34
Added Net: Name=NetMCU_P$35
Added Net: Name=NetMCU_P$36
Added Net: Name=NetMCU_P$41
Added Net: Name=NetMCU_P$42
Added Net: Name=NetMCU_P$43
Added Net: Name=NetMCU_P$46
Added Net: Name=NetMCU_P$49
Added Net: Name=NetMCU_P$52
Added Net: Name=NetMCU_P$55
Added Net: Name=NetMCU_P$57
Added Net: Name=NetMCU_P$58
Added Net: Name=NetMCU_P$59
Added Net: Name=NetMCU_P$60
Added Net: Name=NetMCU_P$61
Added Net: Name=NetMCU_P$62
Added Net: Name=NetR70_2
Added Net: Name=NetR71_2
Added Net: Name=NetR80_1
Added Net: Name=NetR82_1
Added Pin To Net: NetName=NetR?_1 Pin=R?-1
Added Pin To Net: NetName=NetR?_1 Pin=R?-1
Added Net: Name=NetR?_1
Added Pin To Net: NetName=NetR?_2 Pin=R?-2
Added Pin To Net: NetName=NetR?_2 Pin=R?-2
Added Net: Name=NetR?_2
Added Class: Name=mainboard
